3.9054 	DEBUG 	Fullscreen settings ignored as running in pilot mode.
3.9060 	INFO 	Loaded monitor calibration from ['2025_08_02 15:28']
4.7281 	EXP 	Created window1 = Window(allowGUI=True, allowStencil=True, autoLog=True, backendConf=UNKNOWN, backgroundFit=<method-wrapper '__getattribute__' of attributeSetter object at 0x000001AAA2F55C90>, backgroundImage=<method-wrapper '__getattribute__' of attributeSetter object at 0x000001AAA2F55930>, bitsMode=UNKNOWN, blendMode='avg', bpc=(8, 8, 8), color=array([-1., -1., -1.]), colorSpace='rgb', depthBits=8, fullscr=False, gamma=None, gammaErrorPolicy='raise', infoMsg=UNKNOWN, lms=UNKNOWN, monitor=<psychopy.monitors.calibTools.Monitor object at 0x000001AAA2F55AB0>, multiSample=False, name='window1', numSamples=2, pos=[560.0, 240.0], screen=0, size=array([800, 600]), stencilBits=8, stereo=False, title='PsychoPy', units='height', useFBO=True, useRetina=False, viewOri=0.0, viewPos=None, viewScale=None, waitBlanking=True, winType='pyglet')
4.7282 	EXP 	window1: backgroundImage = ''
4.7282 	EXP 	window1: backgroundFit = 'none'
4.7438 	DEBUG 	TextBox2 loaded 1 chars with 0 blanks and 1 valid
4.7443 	DEBUG 	TextBox2 loaded 1 chars with 0 blanks and 1 valid
4.7451 	DEBUG 	TextBox2 loaded 1 chars with 0 blanks and 1 valid
4.7461 	DEBUG 	TextBox2 loaded 1 chars with 0 blanks and 1 valid
4.7470 	DEBUG 	TextBox2 loaded 1 chars with 0 blanks and 1 valid
4.7480 	DEBUG 	TextBox2 loaded 1 chars with 0 blanks and 1 valid
4.7489 	DEBUG 	TextBox2 loaded 1 chars with 0 blanks and 1 valid
4.7494 	DEBUG 	TextBox2 loaded 1 chars with 0 blanks and 1 valid
4.7497 	DEBUG 	TextBox2 loaded 1 chars with 0 blanks and 1 valid
4.7501 	DEBUG 	TextBox2 loaded 1 chars with 0 blanks and 1 valid
4.7510 	DEBUG 	TextBox2 loaded 1 chars with 0 blanks and 1 valid
4.7519 	DEBUG 	TextBox2 loaded 1 chars with 0 blanks and 1 valid
4.7524 	DEBUG 	TextBox2 loaded 1 chars with 0 blanks and 1 valid
4.7530 	DEBUG 	TextBox2 loaded 1 chars with 0 blanks and 1 valid
4.7537 	DEBUG 	TextBox2 loaded 1 chars with 0 blanks and 1 valid
4.7545 	DEBUG 	TextBox2 loaded 1 chars with 0 blanks and 1 valid
4.7553 	DEBUG 	TextBox2 loaded 1 chars with 0 blanks and 1 valid
4.7561 	DEBUG 	TextBox2 loaded 1 chars with 0 blanks and 1 valid
4.7569 	DEBUG 	TextBox2 loaded 1 chars with 0 blanks and 1 valid
4.7576 	DEBUG 	TextBox2 loaded 1 chars with 0 blanks and 1 valid
4.7586 	DEBUG 	TextBox2 loaded 1 chars with 0 blanks and 1 valid
4.7594 	DEBUG 	TextBox2 loaded 1 chars with 0 blanks and 1 valid
4.7602 	DEBUG 	TextBox2 loaded 1 chars with 0 blanks and 1 valid
4.7610 	DEBUG 	TextBox2 loaded 1 chars with 0 blanks and 1 valid
4.7618 	DEBUG 	TextBox2 loaded 1 chars with 0 blanks and 1 valid
4.7625 	DEBUG 	TextBox2 loaded 1 chars with 0 blanks and 1 valid
4.7634 	DEBUG 	TextBox2 loaded 1 chars with 0 blanks and 1 valid
4.7638 	DEBUG 	TextBox2 loaded 1 chars with 0 blanks and 1 valid
4.7641 	DEBUG 	Uploading Texture Font fontname to graphics card
4.7724 	DEBUG 	Upload of Texture Font fontname complete
4.7884 	DEBUG 	TextBox2 loaded 1 chars with 0 blanks and 1 valid
4.7893 	DEBUG 	TextBox2 loaded 1 chars with 0 blanks and 1 valid
4.7896 	DEBUG 	Uploading Texture Font fontname to graphics card
4.8000 	DEBUG 	Upload of Texture Font fontname complete
4.8095 	WARNING 	launchHubServer: If using the iohub mouse or eyetracker devices, fullScr should be True.
7.3989 	INFO 	keyboard.Keyboard is using iohub backend.
7.3989 	INFO 	keyboard.Keyboard is using iohub backend.
7.3990 	INFO 	keyboard.Keyboard is using iohub backend.
7.3990 	INFO 	keyboard.Keyboard is using iohub backend.
7.3990 	INFO 	keyboard.Keyboard is using iohub backend.
7.3991 	EXP 	main: status = STARTED
7.4190 	EXP 	Created welcome_image = ImageStim(__class__=<class 'psychopy.visual.image.ImageStim'>, anchor=('center', 'center'), autoLog=True, color=array([1., 1., 1.]), colorSpace='rgb', contrast=1.0, depth=-2.0, draggable=False, flipHoriz=False, flipVert=False, image='welcome_message.PNG', interpolate=True, mask=None, maskParams=None, name='welcome_image', opacity=1, ori=0.0, pos=array([0., 0.]), size=array([1.5, 0.9]), texRes=128.0, units='height', win=Window(...))
7.4959 	EXP 	Created text = TextStim(__class__=<class 'psychopy.visual.text.TextStim'>, alignHoriz=method-wrapper(...), alignText='center', alignVert=method-wrapper(...), anchorHoriz='center', anchorVert='center', antialias=True, autoDraw=False, autoLog=True, bold=False, color=array([1., 1., 1.]), colorSpace='rgb', contrast=1.0, depth=0.0, draggable=False, flipHoriz=False, flipVert=False, font='Arial', fontFiles=[], height=0.1, italic=False, languageStyle='LTR', name='text', opacity=1, ori=0.0, pos=array([0., 0.]), rgb=UNKNOWN, text='+', units='height', win=Window(...), wrapWidth=1)
7.5260 	DEBUG 	TextBox2 loaded 1 chars with 0 blanks and 1 valid
7.5284 	DEBUG 	TextBox2 loaded 1 chars with 0 blanks and 1 valid
7.5307 	DEBUG 	TextBox2 loaded 1 chars with 0 blanks and 1 valid
7.5327 	DEBUG 	TextBox2 loaded 1 chars with 0 blanks and 1 valid
7.5337 	DEBUG 	TextBox2 loaded 1 chars with 0 blanks and 1 valid
7.5346 	DEBUG 	TextBox2 loaded 1 chars with 0 blanks and 1 valid
7.5367 	DEBUG 	TextBox2 loaded 1 chars with 0 blanks and 1 valid
7.5383 	DEBUG 	TextBox2 loaded 1 chars with 0 blanks and 1 valid
7.5392 	DEBUG 	TextBox2 loaded 1 chars with 0 blanks and 1 valid
7.5395 	DEBUG 	Uploading Texture Font fontname to graphics card
7.5406 	DEBUG 	Upload of Texture Font fontname complete
7.5451 	EXP 	Created prog = Progress(__class__=<class 'psychopy.visual.progress.Progress'>, anchor=('left', 'center'), autoDraw=False, autoLog=True, closeShape=True, color=method-wrapper(...), colorSpace='rgb', contrast=None, depth=-2, draggable=False, fillColor=array([0, 0, 0]), fillColorSpace='rgb', fillRGB=array([0, 0, 0]), interpolate=True, lineColor=array([1., 1., 1.]), lineColorSpace='rgb', lineRGB=array([1, 1, 1]), lineWidth=4.0, name='prog', opacity=1.0, ori=0.0, pos=array([-0.25, -0.2 ]), size=array([0.5 , 0.05]), units='height', vertices=ndarray(...), win=Window(...), windingRule=None)
7.5464 	EXP 	Created progBar = ShapeStim(__class__=<class 'psychopy.visual.shape.ShapeStim'>, anchor=('left', 'center'), autoDraw=False, autoLog=True, closeShape=True, color=method-wrapper(...), colorSpace='rgb', contrast=None, depth=-2, draggable=False, fillColor=array([-1.    , -1.    ,  0.0902]), fillColorSpace='rgb', fillRGB=array([-1.    , -1.    ,  0.0902]), interpolate=True, lineColor=array([0., 0., 0.]), lineColorSpace='rgb', lineRGB=array([0, 0, 0]), lineWidth=1.5, name='progBar', opacity=1.0, ori=0.0, pos=array([-0.25, -0.2 ]), size=array([0.5 , 0.05]), units='height', vertices=ndarray(...), win=Window(...), windingRule=None)
7.5741 	EXP 	Created prog_2 = Progress(__class__=<class 'psychopy.visual.progress.Progress'>, anchor=('left', 'center'), autoDraw=False, autoLog=True, closeShape=True, color=method-wrapper(...), colorSpace='rgb', contrast=None, depth=-2, draggable=False, fillColor=array([0, 0, 0]), fillColorSpace='rgb', fillRGB=array([0, 0, 0]), interpolate=True, lineColor=array([1., 1., 1.]), lineColorSpace='rgb', lineRGB=array([1, 1, 1]), lineWidth=4.0, name='prog_2', opacity=1.0, ori=0.0, pos=array([-0.25, -0.2 ]), size=array([0.5 , 0.05]), units='height', vertices=ndarray(...), win=Window(...), windingRule=None)
7.5754 	EXP 	Created prog_2Bar = ShapeStim(__class__=<class 'psychopy.visual.shape.ShapeStim'>, anchor=('left', 'center'), autoDraw=False, autoLog=True, closeShape=True, color=method-wrapper(...), colorSpace='rgb', contrast=None, depth=-2, draggable=False, fillColor=array([-1.    , -1.    ,  0.0902]), fillColorSpace='rgb', fillRGB=array([-1.    , -1.    ,  0.0902]), interpolate=True, lineColor=array([0., 0., 0.]), lineColorSpace='rgb', lineRGB=array([0, 0, 0]), lineWidth=1.5, name='prog_2Bar', opacity=1.0, ori=0.0, pos=array([-0.25, -0.2 ]), size=array([0.5 , 0.05]), units='height', vertices=ndarray(...), win=Window(...), windingRule=None)
7.5900 	DEBUG 	TextBox2 loaded 1 chars with 0 blanks and 1 valid
7.5912 	DEBUG 	TextBox2 loaded 1 chars with 0 blanks and 1 valid
7.5923 	DEBUG 	TextBox2 loaded 1 chars with 0 blanks and 1 valid
7.5934 	DEBUG 	TextBox2 loaded 1 chars with 0 blanks and 1 valid
7.5946 	DEBUG 	TextBox2 loaded 1 chars with 0 blanks and 1 valid
7.5957 	DEBUG 	TextBox2 loaded 1 chars with 0 blanks and 1 valid
7.5967 	DEBUG 	TextBox2 loaded 1 chars with 0 blanks and 1 valid
7.5978 	DEBUG 	TextBox2 loaded 1 chars with 0 blanks and 1 valid
7.5989 	DEBUG 	TextBox2 loaded 1 chars with 0 blanks and 1 valid
7.5999 	DEBUG 	TextBox2 loaded 1 chars with 0 blanks and 1 valid
7.6010 	DEBUG 	TextBox2 loaded 1 chars with 0 blanks and 1 valid
7.6021 	DEBUG 	TextBox2 loaded 1 chars with 0 blanks and 1 valid
7.6032 	DEBUG 	TextBox2 loaded 1 chars with 0 blanks and 1 valid
7.6041 	DEBUG 	TextBox2 loaded 1 chars with 0 blanks and 1 valid
7.6052 	DEBUG 	TextBox2 loaded 1 chars with 0 blanks and 1 valid
7.6064 	DEBUG 	TextBox2 loaded 1 chars with 0 blanks and 1 valid
7.6076 	DEBUG 	TextBox2 loaded 1 chars with 0 blanks and 1 valid
7.6087 	DEBUG 	TextBox2 loaded 1 chars with 0 blanks and 1 valid
7.6096 	DEBUG 	TextBox2 loaded 1 chars with 0 blanks and 1 valid
7.6109 	DEBUG 	TextBox2 loaded 1 chars with 0 blanks and 1 valid
7.6120 	DEBUG 	TextBox2 loaded 1 chars with 0 blanks and 1 valid
7.6132 	DEBUG 	TextBox2 loaded 1 chars with 0 blanks and 1 valid
7.6143 	DEBUG 	TextBox2 loaded 1 chars with 0 blanks and 1 valid
7.6156 	DEBUG 	TextBox2 loaded 1 chars with 0 blanks and 1 valid
7.6168 	DEBUG 	TextBox2 loaded 1 chars with 0 blanks and 1 valid
7.6181 	DEBUG 	TextBox2 loaded 1 chars with 0 blanks and 1 valid
7.6194 	DEBUG 	TextBox2 loaded 1 chars with 0 blanks and 1 valid
7.6206 	DEBUG 	TextBox2 loaded 1 chars with 0 blanks and 1 valid
7.6218 	DEBUG 	TextBox2 loaded 1 chars with 0 blanks and 1 valid
7.6227 	DEBUG 	TextBox2 loaded 1 chars with 0 blanks and 1 valid
7.6240 	DEBUG 	TextBox2 loaded 1 chars with 0 blanks and 1 valid
7.6250 	DEBUG 	TextBox2 loaded 1 chars with 0 blanks and 1 valid
7.6263 	DEBUG 	TextBox2 loaded 1 chars with 0 blanks and 1 valid
7.6275 	DEBUG 	TextBox2 loaded 1 chars with 0 blanks and 1 valid
7.6286 	DEBUG 	TextBox2 loaded 1 chars with 0 blanks and 1 valid
7.6303 	DEBUG 	TextBox2 loaded 1 chars with 0 blanks and 1 valid
7.6316 	DEBUG 	TextBox2 loaded 1 chars with 0 blanks and 1 valid
7.6330 	DEBUG 	TextBox2 loaded 1 chars with 0 blanks and 1 valid
7.6342 	DEBUG 	TextBox2 loaded 1 chars with 0 blanks and 1 valid
7.6354 	DEBUG 	TextBox2 loaded 1 chars with 0 blanks and 1 valid
7.6367 	DEBUG 	TextBox2 loaded 1 chars with 0 blanks and 1 valid
7.6378 	DEBUG 	TextBox2 loaded 1 chars with 0 blanks and 1 valid
7.6389 	DEBUG 	TextBox2 loaded 1 chars with 0 blanks and 1 valid
7.6398 	DEBUG 	TextBox2 loaded 1 chars with 0 blanks and 1 valid
7.6411 	DEBUG 	TextBox2 loaded 1 chars with 0 blanks and 1 valid
7.6426 	DEBUG 	TextBox2 loaded 1 chars with 0 blanks and 1 valid
7.6438 	DEBUG 	TextBox2 loaded 1 chars with 0 blanks and 1 valid
7.6450 	DEBUG 	TextBox2 loaded 1 chars with 0 blanks and 1 valid
7.6464 	DEBUG 	TextBox2 loaded 1 chars with 0 blanks and 1 valid
7.6476 	DEBUG 	TextBox2 loaded 1 chars with 0 blanks and 1 valid
7.6488 	DEBUG 	TextBox2 loaded 1 chars with 0 blanks and 1 valid
7.6493 	DEBUG 	Uploading Texture Font fontname to graphics card
7.6505 	DEBUG 	Upload of Texture Font fontname complete
7.7032 	EXP 	Created real_test_notice = ImageStim(__class__=<class 'psychopy.visual.image.ImageStim'>, anchor=('center', 'center'), autoLog=True, color=array([1., 1., 1.]), colorSpace='rgb', contrast=1.0, depth=-2.0, draggable=False, flipHoriz=False, flipVert=False, image='real_test_notice.PNG', interpolate=True, mask=None, maskParams=None, name='real_test_notice', opacity=1, ori=0.0, pos=array([0., 0.]), size=array([1.8, 0.9]), texRes=128.0, units='height', win=Window(...))
7.7053 	EXP 	Created text = TextStim(__class__=<class 'psychopy.visual.text.TextStim'>, alignHoriz=method-wrapper(...), alignText='center', alignVert=method-wrapper(...), anchorHoriz='center', anchorVert='center', antialias=True, autoDraw=False, autoLog=True, bold=False, color=array([1., 1., 1.]), colorSpace='rgb', contrast=1.0, depth=0.0, draggable=False, flipHoriz=False, flipVert=False, font='Arial', fontFiles=[], height=0.1, italic=False, languageStyle='LTR', name='text', opacity=1, ori=0.0, pos=array([0., 0.]), rgb=UNKNOWN, text='+', units='height', win=Window(...), wrapWidth=1)
7.7319 	EXP 	Created prog = Progress(__class__=<class 'psychopy.visual.progress.Progress'>, anchor=('left', 'center'), autoDraw=False, autoLog=True, closeShape=True, color=method-wrapper(...), colorSpace='rgb', contrast=None, depth=-2, draggable=False, fillColor=array([0, 0, 0]), fillColorSpace='rgb', fillRGB=array([0, 0, 0]), interpolate=True, lineColor=array([1., 1., 1.]), lineColorSpace='rgb', lineRGB=array([1, 1, 1]), lineWidth=4.0, name='prog', opacity=1.0, ori=0.0, pos=array([-0.25, -0.2 ]), size=array([0.5 , 0.05]), units='height', vertices=ndarray(...), win=Window(...), windingRule=None)
7.7332 	EXP 	Created progBar = ShapeStim(__class__=<class 'psychopy.visual.shape.ShapeStim'>, anchor=('left', 'center'), autoDraw=False, autoLog=True, closeShape=True, color=method-wrapper(...), colorSpace='rgb', contrast=None, depth=-2, draggable=False, fillColor=array([-1.    , -1.    ,  0.0902]), fillColorSpace='rgb', fillRGB=array([-1.    , -1.    ,  0.0902]), interpolate=True, lineColor=array([0., 0., 0.]), lineColorSpace='rgb', lineRGB=array([0, 0, 0]), lineWidth=1.5, name='progBar', opacity=1.0, ori=0.0, pos=array([-0.25, -0.2 ]), size=array([0.5 , 0.05]), units='height', vertices=ndarray(...), win=Window(...), windingRule=None)
7.7590 	EXP 	Created prog_2 = Progress(__class__=<class 'psychopy.visual.progress.Progress'>, anchor=('left', 'center'), autoDraw=False, autoLog=True, closeShape=True, color=method-wrapper(...), colorSpace='rgb', contrast=None, depth=-2, draggable=False, fillColor=array([0, 0, 0]), fillColorSpace='rgb', fillRGB=array([0, 0, 0]), interpolate=True, lineColor=array([1., 1., 1.]), lineColorSpace='rgb', lineRGB=array([1, 1, 1]), lineWidth=4.0, name='prog_2', opacity=1.0, ori=0.0, pos=array([-0.25, -0.2 ]), size=array([0.5 , 0.05]), units='height', vertices=ndarray(...), win=Window(...), windingRule=None)
7.7603 	EXP 	Created prog_2Bar = ShapeStim(__class__=<class 'psychopy.visual.shape.ShapeStim'>, anchor=('left', 'center'), autoDraw=False, autoLog=True, closeShape=True, color=method-wrapper(...), colorSpace='rgb', contrast=None, depth=-2, draggable=False, fillColor=array([-1.    , -1.    ,  0.0902]), fillColorSpace='rgb', fillRGB=array([-1.    , -1.    ,  0.0902]), interpolate=True, lineColor=array([0., 0., 0.]), lineColorSpace='rgb', lineRGB=array([0, 0, 0]), lineWidth=1.5, name='prog_2Bar', opacity=1.0, ori=0.0, pos=array([-0.25, -0.2 ]), size=array([0.5 , 0.05]), units='height', vertices=ndarray(...), win=Window(...), windingRule=None)
7.8123 	EXP 	Created thanks_messge = ImageStim(__class__=<class 'psychopy.visual.image.ImageStim'>, anchor=('center', 'center'), autoLog=True, color=array([1., 1., 1.]), colorSpace='rgb', contrast=1.0, depth=-3.0, draggable=False, flipHoriz=False, flipVert=False, image='thank_you.PNG', interpolate=True, mask=None, maskParams=None, name='thanks_messge', opacity=1, ori=0.0, pos=array([0., 0.]), size=array([2.1, 1. ]), texRes=128.0, units='height', win=Window(...))
0.0143 	DATA 	Mouse: Left button down, pos=(463,343)
0.0149 	DATA 	Mouse:  Left button up, pos=(463,343)
0.0309 	EXP 	textbox_2: autoLog = True
0.0309 	EXP 	prog: direction = 'horizontal'
0.0309 	EXP 	prog: progress = 0.0
0.0309 	EXP 	prog_2: direction = 'horizontal'
0.0309 	EXP 	prog_2: progress = 0.0
0.0309 	EXP 	textbox_2: autoLog = True
0.0309 	EXP 	prog: direction = 'horizontal'
0.0309 	EXP 	prog: progress = 0.0
0.0309 	EXP 	prog_2: direction = 'horizontal'
0.0309 	EXP 	prog_2: progress = 0.0
0.0309 	EXP 	thank_you_message: autoLog = True
0.0747 	EXP 	welcome_image: autoDraw = True
1.0960 	DATA 	Keypress: t
1.1259 	DATA 	Keypress: e
1.1437 	DATA 	Keypress: s
1.1766 	DATA 	Keypress: t
1.2265 	DATA 	Keypress: return
2.0086 	INFO 	Keyboard events cleared
2.7612 	DATA 	Keypress: t
2.7767 	DATA 	Keypress: e
2.7850 	DEBUG 	Read excel file with openpyxl: practice_trials.xlsx
2.7854 	EXP 	Imported practice_trials.xlsx as conditions, 3 conditions, 4 params
2.7856 	EXP 	New trial (rep=0, index=0): <Trial 0 (0 in rep 0) data={'word1': 'cottage', 'word2': 'swiss', 'word3': 'cake', 'solution': 'cheese', 'thisN': 0, 'thisTrialN': 0, 'thisRepN': 0}>
2.8041 	EXP 	welcome_image: autoDraw = False
2.8041 	EXP 	text: autoDraw = True
2.8069 	DATA 	Keypress: s
2.8414 	DATA 	Keypress: t
2.8910 	DATA 	Keypress: return
3.5555 	EXP 	text: autoDraw = False
3.7782 	DEBUG 	TextBox2 loaded 1 chars with 0 blanks and 1 valid
3.7823 	DEBUG 	TextBox2 loaded 1 chars with 0 blanks and 1 valid
3.7848 	DEBUG 	TextBox2 loaded 1 chars with 0 blanks and 1 valid
3.7871 	DEBUG 	TextBox2 loaded 1 chars with 0 blanks and 1 valid
3.7896 	DEBUG 	TextBox2 loaded 1 chars with 0 blanks and 1 valid
3.7914 	DEBUG 	TextBox2 loaded 1 chars with 0 blanks and 1 valid
3.7938 	DEBUG 	TextBox2 loaded 1 chars with 0 blanks and 1 valid
3.7951 	DEBUG 	TextBox2 loaded 1 chars with 0 blanks and 1 valid
3.7973 	DEBUG 	TextBox2 loaded 1 chars with 0 blanks and 1 valid
3.7976 	DEBUG 	Uploading Texture Font fontname to graphics card
3.7984 	DEBUG 	Upload of Texture Font fontname complete
3.8068 	EXP 	text: autoDraw = False
3.8068 	EXP 	textbox_2: autoDraw = True
3.8068 	EXP 	prog: autoDraw = True
3.9886 	INFO 	Keyboard events cleared
4.3591 	DATA 	Keypress: t
4.3620 	DEBUG 	TextBox2 loaded 1 chars with 0 blanks and 1 valid
4.3623 	DEBUG 	Uploading Texture Font fontname to graphics card
4.3635 	DEBUG 	Upload of Texture Font fontname complete
4.3660 	DEBUG 	TextBox2 loaded 1 chars with 0 blanks and 1 valid
4.3683 	DEBUG 	TextBox2 loaded 1 chars with 0 blanks and 1 valid
4.3704 	DEBUG 	TextBox2 loaded 1 chars with 0 blanks and 1 valid
4.3721 	DEBUG 	TextBox2 loaded 1 chars with 0 blanks and 1 valid
4.3732 	DEBUG 	TextBox2 loaded 1 chars with 0 blanks and 1 valid
4.3743 	DEBUG 	TextBox2 loaded 1 chars with 0 blanks and 1 valid
4.3759 	DEBUG 	TextBox2 loaded 1 chars with 0 blanks and 1 valid
4.3772 	DEBUG 	TextBox2 loaded 1 chars with 0 blanks and 1 valid
4.3782 	DEBUG 	TextBox2 loaded 1 chars with 0 blanks and 1 valid
4.3785 	DEBUG 	Uploading Texture Font fontname to graphics card
4.3813 	DEBUG 	Upload of Texture Font fontname complete
4.3879 	DATA 	Keypress: e
4.4077 	EXP 	textbox_2: autoDraw = False
4.4077 	EXP 	prog: autoDraw = False
4.4077 	EXP 	prog_2: autoDraw = True
4.4251 	DATA 	Keypress: s
4.4266 	DEBUG 	TextBox2 loaded 1 chars with 0 blanks and 1 valid
4.4268 	DEBUG 	Uploading Texture Font fontname to graphics card
4.4273 	DEBUG 	Upload of Texture Font fontname complete
4.4585 	DATA 	Keypress: t
4.5084 	DATA 	Keypress: return
4.5235 	EXP 	New trial (rep=0, index=1): <Trial 1 (1 in rep 0) data={'word1': 'cream', 'word2': 'skate', 'word3': 'water', 'solution': 'ice', 'thisN': 1, 'thisTrialN': 1, 'thisRepN': 0}>
4.5378 	EXP 	prog_2: autoDraw = False
4.5378 	EXP 	text: autoDraw = True
5.2876 	EXP 	text: autoDraw = False
5.5178 	DEBUG 	TextBox2 loaded 1 chars with 0 blanks and 1 valid
5.5184 	DEBUG 	Uploading Texture Font fontname to graphics card
5.5192 	DEBUG 	Upload of Texture Font fontname complete
5.5382 	EXP 	text: autoDraw = False
5.5382 	EXP 	textbox_2: autoDraw = True
5.5382 	EXP 	prog: autoDraw = True
5.7212 	INFO 	Keyboard events cleared
6.0394 	DATA 	Keypress: t
6.0539 	EXP 	textbox_2: autoDraw = False
6.0539 	EXP 	prog: autoDraw = False
6.0539 	EXP 	prog_2: autoDraw = True
6.0744 	DATA 	Keypress: e
6.1080 	DATA 	Keypress: s
6.1409 	DATA 	Keypress: t
6.1914 	DATA 	Keypress: return
6.2062 	EXP 	New trial (rep=0, index=2): <Trial 2 (2 in rep 0) data={'word1': 'rocking', 'word2': 'wheel', 'word3': 'high', 'solution': 'horse', 'thisN': 2, 'thisTrialN': 2, 'thisRepN': 0}>
6.2203 	EXP 	prog_2: autoDraw = False
6.2203 	EXP 	text: autoDraw = True
6.9701 	EXP 	text: autoDraw = False
7.2118 	DEBUG 	TextBox2 loaded 1 chars with 0 blanks and 1 valid
7.2140 	DEBUG 	TextBox2 loaded 1 chars with 0 blanks and 1 valid
7.2145 	DEBUG 	Uploading Texture Font fontname to graphics card
7.2152 	DEBUG 	Upload of Texture Font fontname complete
7.2380 	EXP 	text: autoDraw = False
7.2380 	EXP 	textbox_2: autoDraw = True
7.2380 	EXP 	prog: autoDraw = True
7.4202 	INFO 	Keyboard events cleared
7.5768 	DATA 	Keypress: t
7.6031 	EXP 	textbox_2: autoDraw = False
7.6031 	EXP 	prog: autoDraw = False
7.6031 	EXP 	prog_2: autoDraw = True
7.6091 	DATA 	Keypress: e
7.6430 	DATA 	Keypress: s
7.6753 	DATA 	Keypress: t
7.7242 	DATA 	Keypress: return
7.7540 	EXP 	prog_2: autoDraw = False
7.7540 	EXP 	real_test_notice: autoDraw = True
9.7394 	INFO 	Keyboard events cleared
21.4903 	DATA 	Mouse: Left button down, pos=(502,311)
21.5087 	DEBUG 	Read excel file with openpyxl: CRA_conditions.xlsx
21.5122 	EXP 	Imported CRA_conditions.xlsx as conditions, 60 conditions, 4 params
21.5129 	EXP 	New trial (rep=0, index=0): <Trial 0 (0 in rep 0) data={'word1': 'dive', 'word2': 'light', 'word3': 'rocket', 'solution': 'sky', 'thisN': 0, 'thisTrialN': 0, 'thisRepN': 0}>
21.5289 	EXP 	real_test_notice: autoDraw = False
21.5289 	EXP 	text: autoDraw = True
21.5822 	DATA 	Mouse:  Left button up, pos=(502,311)
22.2790 	EXP 	text: autoDraw = False
22.4907 	DEBUG 	TextBox2 loaded 1 chars with 0 blanks and 1 valid
22.4955 	DEBUG 	TextBox2 loaded 1 chars with 0 blanks and 1 valid
22.4964 	DEBUG 	Uploading Texture Font fontname to graphics card
22.4985 	DEBUG 	Upload of Texture Font fontname complete
22.5133 	EXP 	text: autoDraw = False
22.5133 	EXP 	textbox_2: autoDraw = True
22.5133 	EXP 	prog: autoDraw = True
22.6962 	INFO 	Keyboard events cleared
23.1989 	DATA 	Keypress: t
23.2123 	EXP 	textbox_2: autoDraw = False
23.2123 	EXP 	prog: autoDraw = False
23.2123 	EXP 	prog_2: autoDraw = True
23.2344 	DATA 	Keypress: e
23.2677 	DATA 	Keypress: s
23.3012 	DATA 	Keypress: t
23.3500 	DATA 	Keypress: return
23.3647 	EXP 	New trial (rep=0, index=1): <Trial 1 (1 in rep 0) data={'word1': 'dow', 'word2': 'question', 'word3': 'check', 'solution': 'mark', 'thisN': 1, 'thisTrialN': 1, 'thisRepN': 0}>
23.3786 	EXP 	prog_2: autoDraw = False
23.3786 	EXP 	text: autoDraw = True
24.1288 	EXP 	text: autoDraw = False
24.3696 	DEBUG 	TextBox2 loaded 1 chars with 0 blanks and 1 valid
24.3727 	DEBUG 	TextBox2 loaded 1 chars with 0 blanks and 1 valid
24.3732 	DEBUG 	Uploading Texture Font fontname to graphics card
24.3738 	DEBUG 	Upload of Texture Font fontname complete
24.3957 	EXP 	text: autoDraw = False
24.3957 	EXP 	textbox_2: autoDraw = True
24.3957 	EXP 	prog: autoDraw = True
24.5784 	INFO 	Keyboard events cleared
24.8468 	DATA 	Keypress: t
24.8613 	EXP 	textbox_2: autoDraw = False
24.8613 	EXP 	prog: autoDraw = False
24.8613 	EXP 	prog_2: autoDraw = True
24.8816 	DATA 	Keypress: e
24.9151 	DATA 	Keypress: s
24.9482 	DATA 	Keypress: t
24.9984 	DATA 	Keypress: return
25.0137 	EXP 	New trial (rep=0, index=2): <Trial 2 (2 in rep 0) data={'word1': 'date', 'word2': 'alley', 'word3': 'fold', 'solution': 'blind', 'thisN': 2, 'thisTrialN': 2, 'thisRepN': 0}>
25.0277 	EXP 	prog_2: autoDraw = False
25.0277 	EXP 	text: autoDraw = True
25.7773 	EXP 	text: autoDraw = False
26.0206 	DEBUG 	TextBox2 loaded 1 chars with 0 blanks and 1 valid
26.0211 	DEBUG 	Uploading Texture Font fontname to graphics card
26.0218 	DEBUG 	Upload of Texture Font fontname complete
26.0450 	EXP 	text: autoDraw = False
26.0450 	EXP 	textbox_2: autoDraw = True
26.0450 	EXP 	prog: autoDraw = True
26.2280 	INFO 	Keyboard events cleared
26.3642 	DATA 	Keypress: t
26.3773 	EXP 	textbox_2: autoDraw = False
26.3773 	EXP 	prog: autoDraw = False
26.3773 	EXP 	prog_2: autoDraw = True
26.3994 	DATA 	Keypress: e
26.4327 	DATA 	Keypress: s
26.4662 	DATA 	Keypress: t
26.5148 	DATA 	Keypress: return
26.5298 	EXP 	New trial (rep=0, index=3): <Trial 3 (3 in rep 0) data={'word1': 'tomato', 'word2': 'bomb', 'word3': 'picker', 'solution': 'cherry', 'thisN': 3, 'thisTrialN': 3, 'thisRepN': 0}>
26.5437 	EXP 	prog_2: autoDraw = False
26.5437 	EXP 	text: autoDraw = True
27.2933 	EXP 	text: autoDraw = False
27.5347 	DEBUG 	TextBox2 loaded 1 chars with 0 blanks and 1 valid
27.5352 	DEBUG 	Uploading Texture Font fontname to graphics card
27.5357 	DEBUG 	Upload of Texture Font fontname complete
27.5447 	EXP 	text: autoDraw = False
27.5447 	EXP 	textbox_2: autoDraw = True
27.5447 	EXP 	prog: autoDraw = True
27.7434 	INFO 	Keyboard events cleared
27.9288 	DATA 	Keypress: t
27.9430 	EXP 	textbox_2: autoDraw = False
27.9430 	EXP 	prog: autoDraw = False
27.9430 	EXP 	prog_2: autoDraw = True
27.9639 	DATA 	Keypress: e
27.9819 	DATA 	Keypress: s
28.0145 	DATA 	Keypress: t
28.0641 	DATA 	Keypress: return
28.0793 	EXP 	New trial (rep=0, index=4): <Trial 4 (4 in rep 0) data={'word1': 'house', 'word2': 'thumb', 'word3': 'pepper', 'solution': 'green', 'thisN': 4, 'thisTrialN': 4, 'thisRepN': 0}>
28.0929 	EXP 	prog_2: autoDraw = False
28.0929 	EXP 	text: autoDraw = True
28.8441 	EXP 	text: autoDraw = False
29.0925 	EXP 	text: autoDraw = False
29.0925 	EXP 	textbox_2: autoDraw = True
29.0925 	EXP 	prog: autoDraw = True
29.2927 	INFO 	Keyboard events cleared
29.3620 	DATA 	Keypress: t
29.3757 	EXP 	textbox_2: autoDraw = False
29.3757 	EXP 	prog: autoDraw = False
29.3757 	EXP 	prog_2: autoDraw = True
29.3973 	DATA 	Keypress: e
29.4309 	DATA 	Keypress: s
29.4637 	DATA 	Keypress: t
29.5141 	DATA 	Keypress: return
29.5283 	EXP 	New trial (rep=0, index=5): <Trial 5 (5 in rep 0) data={'word1': 'aid', 'word2': 'rubber', 'word3': 'waggon', 'solution': 'band', 'thisN': 5, 'thisTrialN': 5, 'thisRepN': 0}>
29.5422 	EXP 	prog_2: autoDraw = False
29.5422 	EXP 	text: autoDraw = True
30.2918 	EXP 	text: autoDraw = False
30.5420 	EXP 	text: autoDraw = False
30.5420 	EXP 	textbox_2: autoDraw = True
30.5420 	EXP 	prog: autoDraw = True
30.7420 	INFO 	Keyboard events cleared
30.8623 	DATA 	Keypress: t
30.8775 	DATA 	Keypress: e
30.8918 	EXP 	textbox_2: autoDraw = False
30.8918 	EXP 	prog: autoDraw = False
30.8918 	EXP 	prog_2: autoDraw = True
30.9121 	DATA 	Keypress: s
30.9453 	DATA 	Keypress: t
30.9956 	DATA 	Keypress: return
31.0106 	EXP 	New trial (rep=0, index=6): <Trial 6 (6 in rep 0) data={'word1': 'palm', 'word2': 'shoe', 'word3': 'house', 'solution': 'tree', 'thisN': 6, 'thisTrialN': 6, 'thisRepN': 0}>
31.0248 	EXP 	prog_2: autoDraw = False
31.0248 	EXP 	text: autoDraw = True
31.7751 	EXP 	text: autoDraw = False
32.0244 	EXP 	text: autoDraw = False
32.0244 	EXP 	textbox_2: autoDraw = True
32.0244 	EXP 	prog: autoDraw = True
32.2246 	INFO 	Keyboard events cleared
32.2939 	DATA 	Keypress: t
32.3078 	EXP 	textbox_2: autoDraw = False
32.3078 	EXP 	prog: autoDraw = False
32.3078 	EXP 	prog_2: autoDraw = True
32.3291 	DATA 	Keypress: e
32.3616 	DATA 	Keypress: s
32.3948 	DATA 	Keypress: t
32.4451 	DATA 	Keypress: return
32.4598 	EXP 	New trial (rep=0, index=7): <Trial 7 (7 in rep 0) data={'word1': 'main', 'word2': 'sweeper', 'word3': 'light', 'solution': 'street', 'thisN': 7, 'thisTrialN': 7, 'thisRepN': 0}>
32.4740 	EXP 	prog_2: autoDraw = False
32.4740 	EXP 	text: autoDraw = True
33.2239 	EXP 	text: autoDraw = False
33.4743 	EXP 	text: autoDraw = False
33.4743 	EXP 	textbox_2: autoDraw = True
33.4743 	EXP 	prog: autoDraw = True
33.6738 	INFO 	Keyboard events cleared
33.7605 	DATA 	Keypress: t
33.7736 	EXP 	textbox_2: autoDraw = False
33.7736 	EXP 	prog: autoDraw = False
33.7736 	EXP 	prog_2: autoDraw = True
33.8119 	DATA 	Keypress: e
33.8290 	DATA 	Keypress: s
33.8618 	DATA 	Keypress: t
33.9115 	DATA 	Keypress: return
33.9264 	EXP 	New trial (rep=0, index=8): <Trial 8 (8 in rep 0) data={'word1': 'control', 'word2': 'place', 'word3': 'rate', 'solution': 'birth', 'thisN': 8, 'thisTrialN': 8, 'thisRepN': 0}>
33.9401 	EXP 	prog_2: autoDraw = False
33.9401 	EXP 	text: autoDraw = True
34.6898 	EXP 	text: autoDraw = False
34.9403 	EXP 	text: autoDraw = False
34.9403 	EXP 	textbox_2: autoDraw = True
34.9403 	EXP 	prog: autoDraw = True
35.1402 	INFO 	Keyboard events cleared
35.2263 	DATA 	Keypress: t
35.2483 	DATA 	Keypress: e
35.2564 	EXP 	textbox_2: autoDraw = False
35.2564 	EXP 	prog: autoDraw = False
35.2564 	EXP 	prog_2: autoDraw = True
35.2771 	DATA 	Keypress: s
35.3102 	DATA 	Keypress: t
35.3600 	DATA 	Keypress: return
35.3751 	EXP 	New trial (rep=0, index=9): <Trial 9 (9 in rep 0) data={'word1': 'preserve', 'word2': 'ranger', 'word3': 'tropical', 'solution': 'forest', 'thisN': 9, 'thisTrialN': 9, 'thisRepN': 0}>
35.3893 	EXP 	prog_2: autoDraw = False
35.3893 	EXP 	text: autoDraw = True
36.1390 	EXP 	text: autoDraw = False
36.3888 	EXP 	text: autoDraw = False
36.3888 	EXP 	textbox_2: autoDraw = True
36.3888 	EXP 	prog: autoDraw = True
36.5892 	INFO 	Keyboard events cleared
36.6934 	DATA 	Keypress: t
36.7053 	EXP 	textbox_2: autoDraw = False
36.7053 	EXP 	prog: autoDraw = False
36.7053 	EXP 	prog_2: autoDraw = True
36.7258 	DATA 	Keypress: e
36.7592 	DATA 	Keypress: s
36.7926 	DATA 	Keypress: t
36.8428 	DATA 	Keypress: return
36.8579 	EXP 	New trial (rep=0, index=10): <Trial 10 (10 in rep 0) data={'word1': 'flake', 'word2': 'mobile', 'word3': 'cone', 'solution': 'snow', 'thisN': 10, 'thisTrialN': 10, 'thisRepN': 0}>
36.8719 	EXP 	prog_2: autoDraw = False
36.8719 	EXP 	text: autoDraw = True
37.6218 	EXP 	text: autoDraw = False
37.8715 	EXP 	text: autoDraw = False
37.8715 	EXP 	textbox_2: autoDraw = True
37.8715 	EXP 	prog: autoDraw = True
38.0718 	INFO 	Keyboard events cleared
38.1087 	DATA 	Keypress: t
38.1215 	EXP 	textbox_2: autoDraw = False
38.1215 	EXP 	prog: autoDraw = False
38.1215 	EXP 	prog_2: autoDraw = True
38.1437 	DATA 	Keypress: e
38.1768 	DATA 	Keypress: s
38.1947 	DATA 	Keypress: t
38.2434 	DATA 	Keypress: return
38.2577 	EXP 	New trial (rep=0, index=11): <Trial 11 (11 in rep 0) data={'word1': 'opera', 'word2': 'hand', 'word3': 'dish', 'solution': 'soap', 'thisN': 11, 'thisTrialN': 11, 'thisRepN': 0}>
38.2713 	EXP 	prog_2: autoDraw = False
38.2713 	EXP 	text: autoDraw = True
39.0214 	EXP 	text: autoDraw = False
39.2708 	EXP 	text: autoDraw = False
39.2708 	EXP 	textbox_2: autoDraw = True
39.2708 	EXP 	prog: autoDraw = True
39.4710 	INFO 	Keyboard events cleared
39.4934 	DATA 	Keypress: t
39.5207 	EXP 	textbox_2: autoDraw = False
39.5207 	EXP 	prog: autoDraw = False
39.5207 	EXP 	prog_2: autoDraw = True
39.5417 	DATA 	Keypress: e
39.5589 	DATA 	Keypress: s
39.5917 	DATA 	Keypress: t
39.6414 	DATA 	Keypress: return
39.6566 	EXP 	New trial (rep=0, index=12): <Trial 12 (12 in rep 0) data={'word1': 'wagon', 'word2': 'break', 'word3': 'radio', 'solution': 'station', 'thisN': 12, 'thisTrialN': 12, 'thisRepN': 0}>
39.6706 	EXP 	prog_2: autoDraw = False
39.6706 	EXP 	text: autoDraw = True
40.4203 	EXP 	text: autoDraw = False
40.6706 	EXP 	text: autoDraw = False
40.6706 	EXP 	textbox_2: autoDraw = True
40.6706 	EXP 	prog: autoDraw = True
40.8705 	INFO 	Keyboard events cleared
40.8924 	DATA 	Keypress: t
40.9203 	EXP 	textbox_2: autoDraw = False
40.9203 	EXP 	prog: autoDraw = False
40.9203 	EXP 	prog_2: autoDraw = True
40.9255 	DATA 	Keypress: e
40.9585 	DATA 	Keypress: s
40.9908 	DATA 	Keypress: t
41.0408 	DATA 	Keypress: return
41.0560 	EXP 	New trial (rep=0, index=13): <Trial 13 (13 in rep 0) data={'word1': 'political', 'word2': 'surprise', 'word3': 'line', 'solution': 'party', 'thisN': 13, 'thisTrialN': 13, 'thisRepN': 0}>
41.0699 	EXP 	prog_2: autoDraw = False
41.0699 	EXP 	text: autoDraw = True
41.8199 	EXP 	text: autoDraw = False
42.0694 	EXP 	text: autoDraw = False
42.0694 	EXP 	textbox_2: autoDraw = True
42.0694 	EXP 	prog: autoDraw = True
42.2696 	INFO 	Keyboard events cleared
42.3385 	DATA 	Keypress: t
42.3530 	EXP 	textbox_2: autoDraw = False
42.3530 	EXP 	prog: autoDraw = False
42.3530 	EXP 	prog_2: autoDraw = True
42.3745 	DATA 	Keypress: e
42.4074 	DATA 	Keypress: s
42.4403 	DATA 	Keypress: t
42.4902 	DATA 	Keypress: return
42.5056 	EXP 	New trial (rep=0, index=14): <Trial 14 (14 in rep 0) data={'word1': 'mill', 'word2': 'tooth', 'word3': 'dust', 'solution': 'saw', 'thisN': 14, 'thisTrialN': 14, 'thisRepN': 0}>
42.5192 	EXP 	prog_2: autoDraw = False
42.5192 	EXP 	text: autoDraw = True
43.2694 	EXP 	text: autoDraw = False
43.5192 	EXP 	text: autoDraw = False
43.5192 	EXP 	textbox_2: autoDraw = True
43.5192 	EXP 	prog: autoDraw = True
43.7191 	INFO 	Keyboard events cleared
43.8208 	DATA 	Keypress: t
43.8354 	EXP 	textbox_2: autoDraw = False
43.8354 	EXP 	prog: autoDraw = False
43.8354 	EXP 	prog_2: autoDraw = True
43.8558 	DATA 	Keypress: e
43.8893 	DATA 	Keypress: s
43.9225 	DATA 	Keypress: t
43.9733 	DATA 	Keypress: return
43.9880 	EXP 	New trial (rep=0, index=15): <Trial 15 (15 in rep 0) data={'word1': 'cross', 'word2': 'rain', 'word3': 'tie', 'solution': 'bow', 'thisN': 15, 'thisTrialN': 15, 'thisRepN': 0}>
44.0019 	EXP 	prog_2: autoDraw = False
44.0019 	EXP 	text: autoDraw = True
44.7519 	EXP 	text: autoDraw = False
45.0024 	EXP 	text: autoDraw = False
45.0024 	EXP 	textbox_2: autoDraw = True
45.0024 	EXP 	prog: autoDraw = True
45.2017 	INFO 	Keyboard events cleared
45.2720 	DATA 	Keypress: t
45.2846 	EXP 	textbox_2: autoDraw = False
45.2846 	EXP 	prog: autoDraw = False
45.2846 	EXP 	prog_2: autoDraw = True
45.3066 	DATA 	Keypress: e
45.3398 	DATA 	Keypress: s
45.3730 	DATA 	Keypress: t
45.4228 	DATA 	Keypress: return
45.4375 	EXP 	New trial (rep=0, index=16): <Trial 16 (16 in rep 0) data={'word1': 'water', 'word2': 'mine', 'word3': 'shaker', 'solution': 'salt', 'thisN': 16, 'thisTrialN': 16, 'thisRepN': 0}>
45.4511 	EXP 	prog_2: autoDraw = False
45.4511 	EXP 	text: autoDraw = True
46.2016 	EXP 	text: autoDraw = False
46.4508 	EXP 	text: autoDraw = False
46.4508 	EXP 	textbox_2: autoDraw = True
46.4508 	EXP 	prog: autoDraw = True
46.6508 	INFO 	Keyboard events cleared
46.6918 	DATA 	Keypress: t
46.7006 	EXP 	textbox_2: autoDraw = False
46.7006 	EXP 	prog: autoDraw = False
46.7006 	EXP 	prog_2: autoDraw = True
46.7221 	DATA 	Keypress: e
46.7553 	DATA 	Keypress: s
46.7885 	DATA 	Keypress: t
46.8380 	DATA 	Keypress: return
46.8535 	EXP 	New trial (rep=0, index=17): <Trial 17 (17 in rep 0) data={'word1': 'river', 'word2': 'note', 'word3': 'account', 'solution': 'bank', 'thisN': 17, 'thisTrialN': 17, 'thisRepN': 0}>
46.8671 	EXP 	prog_2: autoDraw = False
46.8671 	EXP 	text: autoDraw = True
47.6171 	EXP 	text: autoDraw = False
47.8670 	EXP 	text: autoDraw = False
47.8670 	EXP 	textbox_2: autoDraw = True
47.8670 	EXP 	prog: autoDraw = True
48.0669 	INFO 	Keyboard events cleared
48.1203 	DATA 	Keypress: t
48.1332 	EXP 	textbox_2: autoDraw = False
48.1332 	EXP 	prog: autoDraw = False
48.1332 	EXP 	prog_2: autoDraw = True
48.1555 	DATA 	Keypress: e
48.1887 	DATA 	Keypress: s
48.2220 	DATA 	Keypress: t
48.2711 	DATA 	Keypress: return
48.2858 	EXP 	New trial (rep=0, index=18): <Trial 18 (18 in rep 0) data={'word1': 'cadet', 'word2': 'capsule', 'word3': 'ship', 'solution': 'space', 'thisN': 18, 'thisTrialN': 18, 'thisRepN': 0}>
48.2998 	EXP 	prog_2: autoDraw = False
48.2998 	EXP 	text: autoDraw = True
49.0499 	EXP 	text: autoDraw = False
49.2994 	EXP 	text: autoDraw = False
49.2994 	EXP 	textbox_2: autoDraw = True
49.2994 	EXP 	prog: autoDraw = True
49.5004 	INFO 	Keyboard events cleared
49.6028 	DATA 	Keypress: t
49.6159 	EXP 	textbox_2: autoDraw = False
49.6159 	EXP 	prog: autoDraw = False
49.6159 	EXP 	prog_2: autoDraw = True
49.6220 	DATA 	Keypress: e
49.6549 	DATA 	Keypress: s
49.6880 	DATA 	Keypress: t
49.7370 	DATA 	Keypress: return
49.7521 	EXP 	New trial (rep=0, index=19): <Trial 19 (19 in rep 0) data={'word1': 'light', 'word2': 'birthday', 'word3': 'cake', 'solution': 'candle', 'thisN': 19, 'thisTrialN': 19, 'thisRepN': 0}>
49.7661 	EXP 	prog_2: autoDraw = False
49.7661 	EXP 	text: autoDraw = True
50.5157 	EXP 	text: autoDraw = False
50.7659 	EXP 	text: autoDraw = False
50.7659 	EXP 	textbox_2: autoDraw = True
50.7659 	EXP 	prog: autoDraw = True
50.9655 	INFO 	Keyboard events cleared
50.9683 	DATA 	Keypress: t
50.9993 	EXP 	textbox_2: autoDraw = False
50.9993 	EXP 	prog: autoDraw = False
50.9993 	EXP 	prog_2: autoDraw = True
51.0042 	DATA 	Keypress: e
51.0383 	DATA 	Keypress: s
51.0561 	DATA 	Keypress: t
51.1027 	DATA 	Keypress: return
51.1177 	EXP 	New trial (rep=0, index=20): <Trial 20 (20 in rep 0) data={'word1': 'night', 'word2': 'wrist', 'word3': 'stop', 'solution': 'watch', 'thisN': 20, 'thisTrialN': 20, 'thisRepN': 0}>
51.1316 	EXP 	prog_2: autoDraw = False
51.1316 	EXP 	text: autoDraw = True
51.8818 	EXP 	text: autoDraw = False
52.1311 	EXP 	text: autoDraw = False
52.1311 	EXP 	textbox_2: autoDraw = True
52.1311 	EXP 	prog: autoDraw = True
52.3314 	INFO 	Keyboard events cleared
52.3676 	DATA 	Keypress: t
52.3811 	EXP 	textbox_2: autoDraw = False
52.3811 	EXP 	prog: autoDraw = False
52.3811 	EXP 	prog_2: autoDraw = True
52.4193 	DATA 	Keypress: e
52.4366 	DATA 	Keypress: s
52.4706 	DATA 	Keypress: t
52.5192 	DATA 	Keypress: return
52.5336 	EXP 	New trial (rep=0, index=21): <Trial 21 (21 in rep 0) data={'word1': 'spoon', 'word2': 'cloth', 'word3': 'card', 'solution': 'table', 'thisN': 21, 'thisTrialN': 21, 'thisRepN': 0}>
52.5477 	EXP 	prog_2: autoDraw = False
52.5477 	EXP 	text: autoDraw = True
53.2978 	EXP 	text: autoDraw = False
53.5477 	EXP 	text: autoDraw = False
53.5477 	EXP 	textbox_2: autoDraw = True
53.5477 	EXP 	prog: autoDraw = True
53.7481 	INFO 	Keyboard events cleared
53.9675 	DATA 	Keypress: t
53.9804 	EXP 	textbox_2: autoDraw = False
53.9804 	EXP 	prog: autoDraw = False
53.9804 	EXP 	prog_2: autoDraw = True
54.0027 	DATA 	Keypress: e
54.0359 	DATA 	Keypress: s
54.0702 	DATA 	Keypress: t
54.1179 	DATA 	Keypress: return
54.1329 	EXP 	New trial (rep=0, index=22): <Trial 22 (22 in rep 0) data={'word1': 'fur', 'word2': 'rack', 'word3': 'tail', 'solution': 'coat', 'thisN': 22, 'thisTrialN': 22, 'thisRepN': 0}>
54.1468 	EXP 	prog_2: autoDraw = False
54.1468 	EXP 	text: autoDraw = True
54.8968 	EXP 	text: autoDraw = False
55.1466 	EXP 	text: autoDraw = False
55.1466 	EXP 	textbox_2: autoDraw = True
55.1466 	EXP 	prog: autoDraw = True
55.3467 	INFO 	Keyboard events cleared
55.3992 	DATA 	Keypress: t
55.4130 	EXP 	textbox_2: autoDraw = False
55.4130 	EXP 	prog: autoDraw = False
55.4130 	EXP 	prog_2: autoDraw = True
55.4351 	DATA 	Keypress: e
55.4529 	DATA 	Keypress: s
55.4854 	DATA 	Keypress: t
55.5338 	DATA 	Keypress: return
55.5487 	EXP 	New trial (rep=0, index=23): <Trial 23 (23 in rep 0) data={'word1': 'hammer', 'word2': 'gear', 'word3': 'hunter', 'solution': 'head', 'thisN': 23, 'thisTrialN': 23, 'thisRepN': 0}>
55.5628 	EXP 	prog_2: autoDraw = False
55.5628 	EXP 	text: autoDraw = True
56.3125 	EXP 	text: autoDraw = False
56.5624 	EXP 	text: autoDraw = False
56.5624 	EXP 	textbox_2: autoDraw = True
56.5624 	EXP 	prog: autoDraw = True
56.7628 	INFO 	Keyboard events cleared
56.8168 	DATA 	Keypress: t
56.8291 	EXP 	textbox_2: autoDraw = False
56.8291 	EXP 	prog: autoDraw = False
56.8291 	EXP 	prog_2: autoDraw = True
56.8517 	DATA 	Keypress: e
56.8847 	DATA 	Keypress: s
56.9181 	DATA 	Keypress: t
56.9665 	DATA 	Keypress: return
56.9816 	EXP 	New trial (rep=0, index=24): <Trial 24 (24 in rep 0) data={'word1': 'worm', 'word2': 'shelf', 'word3': 'end', 'solution': 'book', 'thisN': 24, 'thisTrialN': 24, 'thisRepN': 0}>
56.9956 	EXP 	prog_2: autoDraw = False
56.9956 	EXP 	text: autoDraw = True
57.7451 	EXP 	text: autoDraw = False
57.9955 	EXP 	text: autoDraw = False
57.9955 	EXP 	textbox_2: autoDraw = True
57.9955 	EXP 	prog: autoDraw = True
58.1952 	INFO 	Keyboard events cleared
58.2512 	DATA 	Keypress: t
58.2805 	DATA 	Keypress: e
58.2948 	EXP 	textbox_2: autoDraw = False
58.2948 	EXP 	prog: autoDraw = False
58.2948 	EXP 	prog_2: autoDraw = True
58.3156 	DATA 	Keypress: s
58.3490 	DATA 	Keypress: t
58.3993 	DATA 	Keypress: return
58.4142 	EXP 	New trial (rep=0, index=25): <Trial 25 (25 in rep 0) data={'word1': 'right', 'word2': 'cat', 'word3': 'carbon', 'solution': 'copy', 'thisN': 25, 'thisTrialN': 25, 'thisRepN': 0}>
58.4280 	EXP 	prog_2: autoDraw = False
58.4280 	EXP 	text: autoDraw = True
59.1776 	EXP 	text: autoDraw = False
59.4282 	EXP 	text: autoDraw = False
59.4282 	EXP 	textbox_2: autoDraw = True
59.4282 	EXP 	prog: autoDraw = True
59.5298 	DATA 	Keypress: t
59.5630 	DATA 	Keypress: e
59.5964 	DATA 	Keypress: s
59.6278 	INFO 	Keyboard events cleared
59.6299 	DATA 	Keypress: t
59.6608 	EXP 	textbox_2: autoDraw = False
59.6608 	EXP 	prog: autoDraw = False
59.6608 	EXP 	prog_2: autoDraw = True
59.6648 	DATA 	Keypress: return
59.6802 	EXP 	New trial (rep=0, index=26): <Trial 26 (26 in rep 0) data={'word1': 'loser', 'word2': 'throat', 'word3': 'spot', 'solution': 'sore', 'thisN': 26, 'thisTrialN': 26, 'thisRepN': 0}>
59.6941 	EXP 	prog_2: autoDraw = False
59.6941 	EXP 	text: autoDraw = True
60.4444 	EXP 	text: autoDraw = False
60.6940 	EXP 	text: autoDraw = False
60.6940 	EXP 	textbox_2: autoDraw = True
60.6940 	EXP 	prog: autoDraw = True
60.8942 	INFO 	Keyboard events cleared
60.9025 	DATA 	Keypress: t
60.9309 	DATA 	Keypress: e
60.9439 	EXP 	textbox_2: autoDraw = False
60.9439 	EXP 	prog: autoDraw = False
60.9439 	EXP 	prog_2: autoDraw = True
60.9642 	DATA 	Keypress: s
60.9973 	DATA 	Keypress: t
61.0477 	DATA 	Keypress: return
61.0627 	EXP 	New trial (rep=0, index=27): <Trial 27 (27 in rep 0) data={'word1': 'piece', 'word2': 'mind', 'word3': 'dating', 'solution': 'game', 'thisN': 27, 'thisTrialN': 27, 'thisRepN': 0}>
61.0771 	EXP 	prog_2: autoDraw = False
61.0771 	EXP 	text: autoDraw = True
61.8266 	EXP 	text: autoDraw = False
62.0763 	EXP 	text: autoDraw = False
62.0763 	EXP 	textbox_2: autoDraw = True
62.0763 	EXP 	prog: autoDraw = True
62.2764 	INFO 	Keyboard events cleared
62.3654 	DATA 	Keypress: t
62.3929 	EXP 	textbox_2: autoDraw = False
62.3929 	EXP 	prog: autoDraw = False
62.3929 	EXP 	prog_2: autoDraw = True
62.4144 	DATA 	Keypress: e
62.4478 	DATA 	Keypress: s
62.4811 	DATA 	Keypress: t
62.5144 	DATA 	Keypress: return
62.5291 	EXP 	New trial (rep=0, index=28): <Trial 28 (28 in rep 0) data={'word1': 'fountain', 'word2': 'baking', 'word3': 'pop', 'solution': 'soda', 'thisN': 28, 'thisTrialN': 28, 'thisRepN': 0}>
62.5427 	EXP 	prog_2: autoDraw = False
62.5427 	EXP 	text: autoDraw = True
63.2923 	EXP 	text: autoDraw = False
63.5424 	EXP 	text: autoDraw = False
63.5424 	EXP 	textbox_2: autoDraw = True
63.5424 	EXP 	prog: autoDraw = True
63.7425 	INFO 	Keyboard events cleared
63.8285 	DATA 	Keypress: t
63.8424 	EXP 	textbox_2: autoDraw = False
63.8424 	EXP 	prog: autoDraw = False
63.8424 	EXP 	prog_2: autoDraw = True
63.8639 	DATA 	Keypress: e
63.8972 	DATA 	Keypress: s
63.9305 	DATA 	Keypress: t
63.9648 	DATA 	Keypress: return
63.9782 	EXP 	New trial (rep=0, index=29): <Trial 29 (29 in rep 0) data={'word1': 'duck', 'word2': 'fold', 'word3': 'dollar', 'solution': 'bill', 'thisN': 29, 'thisTrialN': 29, 'thisRepN': 0}>
63.9920 	EXP 	prog_2: autoDraw = False
63.9920 	EXP 	text: autoDraw = True
64.7420 	EXP 	text: autoDraw = False
64.9922 	EXP 	text: autoDraw = False
64.9922 	EXP 	textbox_2: autoDraw = True
64.9922 	EXP 	prog: autoDraw = True
65.1920 	INFO 	Keyboard events cleared
65.2479 	DATA 	Keypress: t
65.2774 	DATA 	Keypress: e
65.2916 	EXP 	textbox_2: autoDraw = False
65.2916 	EXP 	prog: autoDraw = False
65.2916 	EXP 	prog_2: autoDraw = True
65.3130 	DATA 	Keypress: s
65.3455 	DATA 	Keypress: t
65.3953 	DATA 	Keypress: return
65.4104 	EXP 	New trial (rep=0, index=30): <Trial 30 (30 in rep 0) data={'word1': 'fish', 'word2': 'mine', 'word3': 'rush', 'solution': 'gold', 'thisN': 30, 'thisTrialN': 30, 'thisRepN': 0}>
65.4246 	EXP 	prog_2: autoDraw = False
65.4246 	EXP 	text: autoDraw = True
66.1755 	EXP 	text: autoDraw = False
66.4245 	EXP 	text: autoDraw = False
66.4245 	EXP 	textbox_2: autoDraw = True
66.4245 	EXP 	prog: autoDraw = True
66.6244 	INFO 	Keyboard events cleared
66.7098 	DATA 	Keypress: t
66.7241 	EXP 	textbox_2: autoDraw = False
66.7241 	EXP 	prog: autoDraw = False
66.7241 	EXP 	prog_2: autoDraw = True
66.7453 	DATA 	Keypress: e
66.7783 	DATA 	Keypress: s
66.8114 	DATA 	Keypress: t
66.8612 	DATA 	Keypress: return
66.8765 	EXP 	New trial (rep=0, index=31): <Trial 31 (31 in rep 0) data={'word1': 'fly', 'word2': 'clip', 'word3': 'wall', 'solution': 'paper', 'thisN': 31, 'thisTrialN': 31, 'thisRepN': 0}>
66.8906 	EXP 	prog_2: autoDraw = False
66.8906 	EXP 	text: autoDraw = True
67.6402 	EXP 	text: autoDraw = False
67.8903 	EXP 	text: autoDraw = False
67.8903 	EXP 	textbox_2: autoDraw = True
67.8903 	EXP 	prog: autoDraw = True
68.0904 	INFO 	Keyboard events cleared
68.1599 	DATA 	Keypress: t
68.1764 	DATA 	Keypress: e
68.1911 	EXP 	textbox_2: autoDraw = False
68.1911 	EXP 	prog: autoDraw = False
68.1911 	EXP 	prog_2: autoDraw = True
68.2120 	DATA 	Keypress: s
68.2450 	DATA 	Keypress: t
68.2939 	DATA 	Keypress: return
68.3092 	EXP 	New trial (rep=0, index=32): <Trial 32 (32 in rep 0) data={'word1': 'cover', 'word2': 'arm', 'word3': 'wear', 'solution': 'under', 'thisN': 32, 'thisTrialN': 32, 'thisRepN': 0}>
68.3231 	EXP 	prog_2: autoDraw = False
68.3231 	EXP 	text: autoDraw = True
69.0734 	EXP 	text: autoDraw = False
69.3233 	EXP 	text: autoDraw = False
69.3233 	EXP 	textbox_2: autoDraw = True
69.3233 	EXP 	prog: autoDraw = True
69.5229 	INFO 	Keyboard events cleared
69.5582 	DATA 	Keypress: t
69.5725 	EXP 	textbox_2: autoDraw = False
69.5725 	EXP 	prog: autoDraw = False
69.5725 	EXP 	prog_2: autoDraw = True
69.5932 	DATA 	Keypress: e
69.6263 	DATA 	Keypress: s
69.6437 	DATA 	Keypress: t
69.6936 	DATA 	Keypress: return
69.7084 	EXP 	New trial (rep=0, index=33): <Trial 33 (33 in rep 0) data={'word1': 'sleeping', 'word2': 'bean', 'word3': 'trash', 'solution': 'bag', 'thisN': 33, 'thisTrialN': 33, 'thisRepN': 0}>
69.7225 	EXP 	prog_2: autoDraw = False
69.7225 	EXP 	text: autoDraw = True
70.4721 	EXP 	text: autoDraw = False
70.7220 	EXP 	text: autoDraw = False
70.7220 	EXP 	textbox_2: autoDraw = True
70.7220 	EXP 	prog: autoDraw = True
70.9222 	INFO 	Keyboard events cleared
71.0074 	DATA 	Keypress: t
71.0218 	EXP 	textbox_2: autoDraw = False
71.0218 	EXP 	prog: autoDraw = False
71.0218 	EXP 	prog_2: autoDraw = True
71.0424 	DATA 	Keypress: e
71.0759 	DATA 	Keypress: s
71.1093 	DATA 	Keypress: t
71.1426 	DATA 	Keypress: return
71.1577 	EXP 	New trial (rep=0, index=34): <Trial 34 (34 in rep 0) data={'word1': 'office', 'word2': 'mail', 'word3': 'hat', 'solution': 'box', 'thisN': 34, 'thisTrialN': 34, 'thisRepN': 0}>
71.1718 	EXP 	prog_2: autoDraw = False
71.1718 	EXP 	text: autoDraw = True
71.9219 	EXP 	text: autoDraw = False
72.1713 	EXP 	text: autoDraw = False
72.1713 	EXP 	textbox_2: autoDraw = True
72.1713 	EXP 	prog: autoDraw = True
72.3716 	INFO 	Keyboard events cleared
72.4241 	DATA 	Keypress: t
72.4379 	EXP 	textbox_2: autoDraw = False
72.4379 	EXP 	prog: autoDraw = False
72.4379 	EXP 	prog_2: autoDraw = True
72.4597 	DATA 	Keypress: e
72.4929 	DATA 	Keypress: s
72.5262 	DATA 	Keypress: t
72.5760 	DATA 	Keypress: return
72.5906 	EXP 	New trial (rep=0, index=35): <Trial 35 (35 in rep 0) data={'word1': 'basket', 'word2': 'eight', 'word3': 'snow', 'solution': 'ball', 'thisN': 35, 'thisTrialN': 35, 'thisRepN': 0}>
72.6045 	EXP 	prog_2: autoDraw = False
72.6045 	EXP 	text: autoDraw = True
73.3545 	EXP 	text: autoDraw = False
73.6046 	EXP 	text: autoDraw = False
73.6046 	EXP 	textbox_2: autoDraw = True
73.6046 	EXP 	prog: autoDraw = True
73.8047 	INFO 	Keyboard events cleared
73.8402 	DATA 	Keypress: t
73.8539 	EXP 	textbox_2: autoDraw = False
73.8539 	EXP 	prog: autoDraw = False
73.8539 	EXP 	prog_2: autoDraw = True
73.8754 	DATA 	Keypress: e
73.9083 	DATA 	Keypress: s
73.9415 	DATA 	Keypress: t
73.9914 	DATA 	Keypress: return
74.0063 	EXP 	New trial (rep=0, index=36): <Trial 36 (36 in rep 0) data={'word1': 'flower', 'word2': 'friend', 'word3': 'scout', 'solution': 'girl', 'thisN': 36, 'thisTrialN': 36, 'thisRepN': 0}>
74.0204 	EXP 	prog_2: autoDraw = False
74.0204 	EXP 	text: autoDraw = True
74.7700 	EXP 	text: autoDraw = False
75.0199 	EXP 	text: autoDraw = False
75.0199 	EXP 	textbox_2: autoDraw = True
75.0199 	EXP 	prog: autoDraw = True
75.2203 	INFO 	Keyboard events cleared
75.2561 	DATA 	Keypress: t
75.2699 	EXP 	textbox_2: autoDraw = False
75.2699 	EXP 	prog: autoDraw = False
75.2699 	EXP 	prog_2: autoDraw = True
75.2759 	DATA 	Keypress: e
75.3094 	DATA 	Keypress: s
75.3415 	DATA 	Keypress: t
75.3914 	DATA 	Keypress: return
75.4060 	EXP 	New trial (rep=0, index=37): <Trial 37 (37 in rep 0) data={'word1': 'tank', 'word2': 'hill', 'word3': 'secret', 'solution': 'top', 'thisN': 37, 'thisTrialN': 37, 'thisRepN': 0}>
75.4198 	EXP 	prog_2: autoDraw = False
75.4198 	EXP 	text: autoDraw = True
76.1696 	EXP 	text: autoDraw = False
76.4196 	EXP 	text: autoDraw = False
76.4196 	EXP 	textbox_2: autoDraw = True
76.4196 	EXP 	prog: autoDraw = True
76.6195 	INFO 	Keyboard events cleared
76.7218 	DATA 	Keypress: t
76.7358 	EXP 	textbox_2: autoDraw = False
76.7358 	EXP 	prog: autoDraw = False
76.7358 	EXP 	prog_2: autoDraw = True
76.7564 	DATA 	Keypress: e
76.7896 	DATA 	Keypress: s
76.8229 	DATA 	Keypress: t
76.8729 	DATA 	Keypress: return
76.8880 	EXP 	New trial (rep=0, index=38): <Trial 38 (38 in rep 0) data={'word1': 'dress', 'word2': 'dial', 'word3': 'flower', 'solution': 'sun', 'thisN': 38, 'thisTrialN': 38, 'thisRepN': 0}>
76.9023 	EXP 	prog_2: autoDraw = False
76.9023 	EXP 	text: autoDraw = True
77.6520 	EXP 	text: autoDraw = False
77.9021 	EXP 	text: autoDraw = False
77.9021 	EXP 	textbox_2: autoDraw = True
77.9021 	EXP 	prog: autoDraw = True
78.0707 	DATA 	Keypress: t
78.1020 	INFO 	Keyboard events cleared
78.1042 	DATA 	Keypress: e
78.1244 	DATA 	Keypress: s
78.1351 	EXP 	textbox_2: autoDraw = False
78.1351 	EXP 	prog: autoDraw = False
78.1351 	EXP 	prog_2: autoDraw = True
78.1564 	DATA 	Keypress: t
78.2058 	DATA 	Keypress: return
78.2207 	EXP 	New trial (rep=0, index=39): <Trial 39 (39 in rep 0) data={'word1': 'food', 'word2': 'forward', 'word3': 'break', 'solution': 'fast', 'thisN': 39, 'thisTrialN': 39, 'thisRepN': 0}>
78.2350 	EXP 	prog_2: autoDraw = False
78.2350 	EXP 	text: autoDraw = True
78.9846 	EXP 	text: autoDraw = False
79.2348 	EXP 	text: autoDraw = False
79.2348 	EXP 	textbox_2: autoDraw = True
79.2348 	EXP 	prog: autoDraw = True
79.4351 	INFO 	Keyboard events cleared
79.4380 	DATA 	Keypress: t
79.4678 	EXP 	textbox_2: autoDraw = False
79.4678 	EXP 	prog: autoDraw = False
79.4678 	EXP 	prog_2: autoDraw = True
79.4729 	DATA 	Keypress: e
79.5050 	DATA 	Keypress: s
79.5385 	DATA 	Keypress: t
79.5894 	DATA 	Keypress: return
79.6038 	EXP 	New trial (rep=0, index=40): <Trial 40 (40 in rep 0) data={'word1': 'wheel', 'word2': 'hand', 'word3': 'shopping', 'solution': 'cart', 'thisN': 40, 'thisTrialN': 40, 'thisRepN': 0}>
79.6177 	EXP 	prog_2: autoDraw = False
79.6177 	EXP 	text: autoDraw = True
80.3681 	EXP 	text: autoDraw = False
80.6178 	EXP 	text: autoDraw = False
80.6178 	EXP 	textbox_2: autoDraw = True
80.6178 	EXP 	prog: autoDraw = True
80.8178 	INFO 	Keyboard events cleared
80.8245 	DATA 	Keypress: t
80.8539 	DATA 	Keypress: e
80.8673 	EXP 	textbox_2: autoDraw = False
80.8673 	EXP 	prog: autoDraw = False
80.8673 	EXP 	prog_2: autoDraw = True
80.8886 	DATA 	Keypress: s
80.9209 	DATA 	Keypress: t
80.9708 	DATA 	Keypress: return
80.9860 	EXP 	New trial (rep=0, index=41): <Trial 41 (41 in rep 0) data={'word1': 'cracker', 'word2': 'fly', 'word3': 'fighter', 'solution': 'fire', 'thisN': 41, 'thisTrialN': 41, 'thisRepN': 0}>
81.0003 	EXP 	prog_2: autoDraw = False
81.0003 	EXP 	text: autoDraw = True
81.7504 	EXP 	text: autoDraw = False
81.9998 	EXP 	text: autoDraw = False
81.9998 	EXP 	textbox_2: autoDraw = True
81.9998 	EXP 	prog: autoDraw = True
82.2000 	INFO 	Keyboard events cleared
82.3191 	DATA 	Mouse: Right button down, pos=(567,76)
82.3202 	EXP 	New trial (rep=0, index=42): <Trial 42 (42 in rep 0) data={'word1': 'peach', 'word2': 'arm', 'word3': 'tar', 'solution': 'pit', 'thisN': 42, 'thisTrialN': 42, 'thisRepN': 0}>
82.3330 	EXP 	textbox_2: autoDraw = False
82.3330 	EXP 	prog: autoDraw = False
82.3330 	EXP 	prog_2: autoDraw = False
82.3330 	EXP 	text: autoDraw = True
82.3696 	DATA 	Mouse:  Right button up, pos=(567,76)
83.0827 	EXP 	text: autoDraw = False
83.3329 	EXP 	text: autoDraw = False
83.3329 	EXP 	textbox_2: autoDraw = True
83.3329 	EXP 	prog: autoDraw = True
83.5328 	INFO 	Keyboard events cleared
83.7024 	DATA 	Keypress: t
83.7164 	EXP 	textbox_2: autoDraw = False
83.7164 	EXP 	prog: autoDraw = False
83.7164 	EXP 	prog_2: autoDraw = True
83.7377 	DATA 	Keypress: e
83.7705 	DATA 	Keypress: s
83.8037 	DATA 	Keypress: t
83.8535 	DATA 	Keypress: return
83.8684 	EXP 	New trial (rep=0, index=43): <Trial 43 (43 in rep 0) data={'word1': 'sage', 'word2': 'paint', 'word3': 'hair', 'solution': 'brush', 'thisN': 43, 'thisTrialN': 43, 'thisRepN': 0}>
83.8823 	EXP 	prog_2: autoDraw = False
83.8823 	EXP 	text: autoDraw = True
84.6325 	EXP 	text: autoDraw = False
84.8825 	EXP 	text: autoDraw = False
84.8825 	EXP 	textbox_2: autoDraw = True
84.8825 	EXP 	prog: autoDraw = True
85.0819 	INFO 	Keyboard events cleared
85.2022 	DATA 	Keypress: t
85.2149 	EXP 	textbox_2: autoDraw = False
85.2149 	EXP 	prog: autoDraw = False
85.2149 	EXP 	prog_2: autoDraw = True
85.2359 	DATA 	Keypress: e
85.2692 	DATA 	Keypress: s
85.3023 	DATA 	Keypress: t
85.3358 	DATA 	Keypress: return
85.3507 	EXP 	New trial (rep=0, index=44): <Trial 44 (44 in rep 0) data={'word1': 'dust', 'word2': 'cereal', 'word3': 'fish', 'solution': 'bowl', 'thisN': 44, 'thisTrialN': 44, 'thisRepN': 0}>
85.3648 	EXP 	prog_2: autoDraw = False
85.3648 	EXP 	text: autoDraw = True
86.1152 	EXP 	text: autoDraw = False
86.3648 	EXP 	text: autoDraw = False
86.3648 	EXP 	textbox_2: autoDraw = True
86.3648 	EXP 	prog: autoDraw = True
86.5647 	INFO 	Keyboard events cleared
86.6550 	DATA 	Keypress: t
86.6811 	EXP 	textbox_2: autoDraw = False
86.6811 	EXP 	prog: autoDraw = False
86.6811 	EXP 	prog_2: autoDraw = True
86.7033 	DATA 	Keypress: e
86.7200 	DATA 	Keypress: s
86.7529 	DATA 	Keypress: t
86.8022 	DATA 	Keypress: return
86.8171 	EXP 	New trial (rep=0, index=45): <Trial 45 (45 in rep 0) data={'word1': 'fox', 'word2': 'man', 'word3': 'peep', 'solution': 'hole', 'thisN': 45, 'thisTrialN': 45, 'thisRepN': 0}>
86.8308 	EXP 	prog_2: autoDraw = False
86.8308 	EXP 	text: autoDraw = True
87.5806 	EXP 	text: autoDraw = False
87.8240 	DEBUG 	TextBox2 loaded 1 chars with 0 blanks and 1 valid
87.8246 	DEBUG 	Uploading Texture Font fontname to graphics card
87.8274 	DEBUG 	Upload of Texture Font fontname complete
87.8480 	EXP 	text: autoDraw = False
87.8480 	EXP 	textbox_2: autoDraw = True
87.8480 	EXP 	prog: autoDraw = True
88.0160 	DATA 	Keypress: t
88.0305 	INFO 	Keyboard events cleared
88.0491 	DATA 	Keypress: e
88.0635 	EXP 	textbox_2: autoDraw = False
88.0635 	EXP 	prog: autoDraw = False
88.0635 	EXP 	prog_2: autoDraw = True
88.0845 	DATA 	Keypress: s
88.1013 	DATA 	Keypress: t
88.1508 	DATA 	Keypress: return
88.1662 	EXP 	New trial (rep=0, index=46): <Trial 46 (46 in rep 0) data={'word1': 'cat', 'word2': 'number', 'word3': 'phone', 'solution': 'call', 'thisN': 46, 'thisTrialN': 46, 'thisRepN': 0}>
88.1801 	EXP 	prog_2: autoDraw = False
88.1801 	EXP 	text: autoDraw = True
88.9300 	EXP 	text: autoDraw = False
89.1796 	EXP 	text: autoDraw = False
89.1796 	EXP 	textbox_2: autoDraw = True
89.1796 	EXP 	prog: autoDraw = True
89.3800 	INFO 	Keyboard events cleared
89.4161 	DATA 	Keypress: t
89.4296 	EXP 	textbox_2: autoDraw = False
89.4296 	EXP 	prog: autoDraw = False
89.4296 	EXP 	prog_2: autoDraw = True
89.4538 	DATA 	Keypress: e
89.4846 	DATA 	Keypress: s
89.5174 	DATA 	Keypress: t
89.5673 	DATA 	Keypress: return
89.5823 	EXP 	New trial (rep=0, index=47): <Trial 47 (47 in rep 0) data={'word1': 'hound', 'word2': 'pressure', 'word3': 'spot', 'solution': 'blood', 'thisN': 47, 'thisTrialN': 47, 'thisRepN': 0}>
89.5961 	EXP 	prog_2: autoDraw = False
89.5961 	EXP 	text: autoDraw = True
90.3464 	EXP 	text: autoDraw = False
90.5960 	EXP 	text: autoDraw = False
90.5960 	EXP 	textbox_2: autoDraw = True
90.5960 	EXP 	prog: autoDraw = True
90.7335 	DATA 	Keypress: t
90.7644 	DATA 	Keypress: e
90.7958 	INFO 	Keyboard events cleared
90.7979 	DATA 	Keypress: s
90.8288 	EXP 	textbox_2: autoDraw = False
90.8288 	EXP 	prog: autoDraw = False
90.8288 	EXP 	prog_2: autoDraw = True
90.8326 	DATA 	Keypress: t
90.8676 	DATA 	Keypress: return
90.8817 	EXP 	New trial (rep=0, index=48): <Trial 48 (48 in rep 0) data={'word1': 'pile', 'word2': 'market', 'word3': 'room', 'solution': 'stock', 'thisN': 48, 'thisTrialN': 48, 'thisRepN': 0}>
90.8955 	EXP 	prog_2: autoDraw = False
90.8955 	EXP 	text: autoDraw = True
91.6457 	EXP 	text: autoDraw = False
91.8954 	EXP 	text: autoDraw = False
91.8954 	EXP 	textbox_2: autoDraw = True
91.8954 	EXP 	prog: autoDraw = True
92.0952 	INFO 	Keyboard events cleared
92.1309 	DATA 	Keypress: t
92.1448 	EXP 	textbox_2: autoDraw = False
92.1448 	EXP 	prog: autoDraw = False
92.1448 	EXP 	prog_2: autoDraw = True
92.1654 	DATA 	Keypress: e
92.1991 	DATA 	Keypress: s
92.2322 	DATA 	Keypress: t
92.2665 	DATA 	Keypress: return
92.2809 	EXP 	New trial (rep=0, index=49): <Trial 49 (49 in rep 0) data={'word1': 'lift', 'word2': 'card', 'word3': 'mask', 'solution': 'face', 'thisN': 49, 'thisTrialN': 49, 'thisRepN': 0}>
92.2947 	EXP 	prog_2: autoDraw = False
92.2947 	EXP 	text: autoDraw = True
93.0444 	EXP 	text: autoDraw = False
93.2943 	EXP 	text: autoDraw = False
93.2943 	EXP 	textbox_2: autoDraw = True
93.2943 	EXP 	prog: autoDraw = True
93.4949 	INFO 	Keyboard events cleared
93.5808 	DATA 	Keypress: t
93.5942 	EXP 	textbox_2: autoDraw = False
93.5942 	EXP 	prog: autoDraw = False
93.5942 	EXP 	prog_2: autoDraw = True
93.6153 	DATA 	Keypress: e
93.6323 	DATA 	Keypress: s
93.6645 	DATA 	Keypress: t
93.7144 	DATA 	Keypress: return
93.7299 	EXP 	New trial (rep=0, index=50): <Trial 50 (50 in rep 0) data={'word1': 'dream', 'word2': 'break', 'word3': 'light', 'solution': 'day', 'thisN': 50, 'thisTrialN': 50, 'thisRepN': 0}>
93.7440 	EXP 	prog_2: autoDraw = False
93.7440 	EXP 	text: autoDraw = True
94.4969 	EXP 	text: autoDraw = False
94.7438 	EXP 	text: autoDraw = False
94.7438 	EXP 	textbox_2: autoDraw = True
94.7438 	EXP 	prog: autoDraw = True
94.9442 	INFO 	Keyboard events cleared
95.0020 	DATA 	Keypress: t
95.0269 	EXP 	textbox_2: autoDraw = False
95.0269 	EXP 	prog: autoDraw = False
95.0269 	EXP 	prog_2: autoDraw = True
95.0324 	DATA 	Keypress: e
95.0644 	DATA 	Keypress: s
95.0975 	DATA 	Keypress: t
95.1475 	DATA 	Keypress: return
95.1625 	EXP 	New trial (rep=0, index=51): <Trial 51 (51 in rep 0) data={'word1': 'cane', 'word2': 'daddy', 'word3': 'plum', 'solution': 'sugar', 'thisN': 51, 'thisTrialN': 51, 'thisRepN': 0}>
95.1766 	EXP 	prog_2: autoDraw = False
95.1766 	EXP 	text: autoDraw = True
95.9269 	EXP 	text: autoDraw = False
96.1762 	EXP 	text: autoDraw = False
96.1762 	EXP 	textbox_2: autoDraw = True
96.1762 	EXP 	prog: autoDraw = True
96.3766 	INFO 	Keyboard events cleared
96.3995 	DATA 	Keypress: t
96.4262 	EXP 	textbox_2: autoDraw = False
96.4262 	EXP 	prog: autoDraw = False
96.4262 	EXP 	prog_2: autoDraw = True
96.4317 	DATA 	Keypress: e
96.4649 	DATA 	Keypress: s
96.4983 	DATA 	Keypress: t
96.5470 	DATA 	Keypress: return
96.5620 	EXP 	New trial (rep=0, index=52): <Trial 52 (52 in rep 0) data={'word1': 'wise', 'word2': 'work', 'word3': 'tower', 'solution': 'clock', 'thisN': 52, 'thisTrialN': 52, 'thisRepN': 0}>
96.5760 	EXP 	prog_2: autoDraw = False
96.5760 	EXP 	text: autoDraw = True
97.3257 	EXP 	text: autoDraw = False
97.5760 	EXP 	text: autoDraw = False
97.5760 	EXP 	textbox_2: autoDraw = True
97.5760 	EXP 	prog: autoDraw = True
97.6951 	DATA 	Keypress: t
97.7282 	DATA 	Keypress: e
97.7615 	DATA 	Keypress: s
97.7759 	INFO 	Keyboard events cleared
97.7820 	DATA 	Keypress: t
97.8088 	EXP 	textbox_2: autoDraw = False
97.8088 	EXP 	prog: autoDraw = False
97.8088 	EXP 	prog_2: autoDraw = True
97.8306 	DATA 	Keypress: return
97.8451 	EXP 	New trial (rep=0, index=53): <Trial 53 (53 in rep 0) data={'word1': 'trip', 'word2': 'house', 'word3': 'goal', 'solution': 'field', 'thisN': 53, 'thisTrialN': 53, 'thisRepN': 0}>
97.8587 	EXP 	prog_2: autoDraw = False
97.8587 	EXP 	text: autoDraw = True
98.6090 	EXP 	text: autoDraw = False
98.8588 	EXP 	text: autoDraw = False
98.8588 	EXP 	textbox_2: autoDraw = True
98.8588 	EXP 	prog: autoDraw = True
99.0585 	INFO 	Keyboard events cleared
99.1483 	DATA 	Keypress: t
99.1581 	EXP 	textbox_2: autoDraw = False
99.1581 	EXP 	prog: autoDraw = False
99.1581 	EXP 	prog_2: autoDraw = True
99.1953 	DATA 	Keypress: e
99.2296 	DATA 	Keypress: s
99.2459 	DATA 	Keypress: t
99.2955 	DATA 	Keypress: return
99.3108 	EXP 	New trial (rep=0, index=54): <Trial 54 (54 in rep 0) data={'word1': 'french', 'word2': 'car', 'word3': 'shoe', 'solution': 'horn', 'thisN': 54, 'thisTrialN': 54, 'thisRepN': 0}>
99.3246 	EXP 	prog_2: autoDraw = False
99.3246 	EXP 	text: autoDraw = True
100.0742 	EXP 	text: autoDraw = False
100.3242 	EXP 	text: autoDraw = False
100.3242 	EXP 	textbox_2: autoDraw = True
100.3242 	EXP 	prog: autoDraw = True
100.5245 	INFO 	Keyboard events cleared
100.6275 	DATA 	Keypress: t
100.6409 	EXP 	textbox_2: autoDraw = False
100.6409 	EXP 	prog: autoDraw = False
100.6409 	EXP 	prog_2: autoDraw = True
100.6614 	DATA 	Keypress: e
100.6945 	DATA 	Keypress: s
100.7277 	DATA 	Keypress: t
100.7778 	DATA 	Keypress: return
100.7934 	EXP 	New trial (rep=0, index=55): <Trial 55 (55 in rep 0) data={'word1': 'pile', 'word2': 'market', 'word3': 'room', 'solution': 'stock', 'thisN': 55, 'thisTrialN': 55, 'thisRepN': 0}>
100.8073 	EXP 	prog_2: autoDraw = False
100.8073 	EXP 	text: autoDraw = True
101.5572 	EXP 	text: autoDraw = False
101.8233 	EXP 	text: autoDraw = False
101.8233 	EXP 	textbox_2: autoDraw = True
101.8233 	EXP 	prog: autoDraw = True
102.0072 	INFO 	Keyboard events cleared
102.1265 	DATA 	Keypress: t
102.1402 	EXP 	textbox_2: autoDraw = False
102.1402 	EXP 	prog: autoDraw = False
102.1402 	EXP 	prog_2: autoDraw = True
102.1624 	DATA 	Keypress: e
102.1941 	DATA 	Keypress: s
102.2273 	DATA 	Keypress: t
102.2609 	DATA 	Keypress: return
102.2764 	EXP 	New trial (rep=0, index=56): <Trial 56 (56 in rep 0) data={'word1': 'horse', 'word2': 'human', 'word3': 'drag', 'solution': 'race', 'thisN': 56, 'thisTrialN': 56, 'thisRepN': 0}>
102.2899 	EXP 	prog_2: autoDraw = False
102.2899 	EXP 	text: autoDraw = True
103.0399 	EXP 	text: autoDraw = False
103.2898 	EXP 	text: autoDraw = False
103.2898 	EXP 	textbox_2: autoDraw = True
103.2898 	EXP 	prog: autoDraw = True
103.4899 	INFO 	Keyboard events cleared
103.5598 	DATA 	Keypress: t
103.5727 	EXP 	textbox_2: autoDraw = False
103.5727 	EXP 	prog: autoDraw = False
103.5727 	EXP 	prog_2: autoDraw = True
103.5938 	DATA 	Keypress: e
103.6268 	DATA 	Keypress: s
103.6601 	DATA 	Keypress: t
103.7104 	DATA 	Keypress: return
103.7250 	EXP 	New trial (rep=0, index=57): <Trial 57 (57 in rep 0) data={'word1': 'sense', 'word2': 'courtesy', 'word3': 'place', 'solution': 'common', 'thisN': 57, 'thisTrialN': 57, 'thisRepN': 0}>
103.7391 	EXP 	prog_2: autoDraw = False
103.7391 	EXP 	text: autoDraw = True
104.4892 	EXP 	text: autoDraw = False
104.7394 	EXP 	text: autoDraw = False
104.7394 	EXP 	textbox_2: autoDraw = True
104.7394 	EXP 	prog: autoDraw = True
104.9390 	INFO 	Keyboard events cleared
105.0254 	DATA 	Keypress: t
105.0386 	EXP 	textbox_2: autoDraw = False
105.0386 	EXP 	prog: autoDraw = False
105.0386 	EXP 	prog_2: autoDraw = True
105.0602 	DATA 	Keypress: e
105.0931 	DATA 	Keypress: s
105.1263 	DATA 	Keypress: t
105.1598 	DATA 	Keypress: return
105.1751 	EXP 	New trial (rep=0, index=58): <Trial 58 (58 in rep 0) data={'word1': 'carpet', 'word2': 'alert', 'word3': 'ink', 'solution': 'red', 'thisN': 58, 'thisTrialN': 58, 'thisRepN': 0}>
105.1885 	EXP 	prog_2: autoDraw = False
105.1885 	EXP 	text: autoDraw = True
105.9385 	EXP 	text: autoDraw = False
106.1881 	EXP 	text: autoDraw = False
106.1881 	EXP 	textbox_2: autoDraw = True
106.1881 	EXP 	prog: autoDraw = True
106.3882 	INFO 	Keyboard events cleared
106.4568 	DATA 	Keypress: t
106.4711 	EXP 	textbox_2: autoDraw = False
106.4711 	EXP 	prog: autoDraw = False
106.4711 	EXP 	prog_2: autoDraw = True
106.4919 	DATA 	Keypress: e
106.5252 	DATA 	Keypress: s
106.5586 	DATA 	Keypress: t
106.6086 	DATA 	Keypress: return
106.6238 	EXP 	New trial (rep=0, index=59): <Trial 59 (59 in rep 0) data={'word1': 'hungry', 'word2': 'order', 'word3': 'belt', 'solution': 'money', 'thisN': 59, 'thisTrialN': 59, 'thisRepN': 0}>
106.6381 	EXP 	prog_2: autoDraw = False
106.6381 	EXP 	text: autoDraw = True
107.3873 	EXP 	text: autoDraw = False
107.6373 	EXP 	text: autoDraw = False
107.6373 	EXP 	textbox_2: autoDraw = True
107.6373 	EXP 	prog: autoDraw = True
107.8376 	INFO 	Keyboard events cleared
107.9241 	DATA 	Keypress: t
107.9373 	EXP 	textbox_2: autoDraw = False
107.9373 	EXP 	prog: autoDraw = False
107.9373 	EXP 	prog_2: autoDraw = True
107.9595 	DATA 	Keypress: e
107.9783 	DATA 	Keypress: s
108.0101 	DATA 	Keypress: t
108.0584 	DATA 	Keypress: return
108.0881 	EXP 	prog_2: autoDraw = False
108.0881 	EXP 	thank_you_message: autoDraw = True
108.0881 	EXP 	thanks_messge: autoDraw = True
112.2414 	DATA 	Mouse: Left button down, pos=(653,430)
112.3417 	DATA 	Mouse:  Left button up, pos=(653,430)
113.1568 	DATA 	Keypress: escape
113.2207 	EXP 	main: status = STOPPED
113.2345 	EXP 	thank_you_message: autoDraw = False
113.2345 	EXP 	thanks_messge: autoDraw = False
113.2364 	EXP 	main: status = STOPPED
113.2551 	INFO 	saved data to "C:\\Users\\Michael\\OneDrive - Georgia Southern University\\Virginia Wickline's files - crat\\GITHUB\\CRATpsyc\\data/160101_main_2025-08-14_17h40.14.617.csv"
113.2573 	INFO 	saved data to C:\Users\Michael\OneDrive - Georgia Southern University\Virginia Wickline's files - crat\GITHUB\CRATpsyc\data/160101_main_2025-08-14_17h40.14.617.psydat
113.6805 	DEBUG 	Saving data for main ExperimentHandler
