4.0337 	DEBUG 	Fullscreen settings ignored as running in pilot mode.
4.0344 	INFO 	Loaded monitor calibration from ['2025_08_02 15:28']
5.0448 	EXP 	Created window1 = Window(allowGUI=True, allowStencil=True, autoLog=True, backendConf=UNKNOWN, backgroundFit=<method-wrapper '__getattribute__' of attributeSetter object at 0x000002780006EDA0>, backgroundImage=<method-wrapper '__getattribute__' of attributeSetter object at 0x000002780006ED40>, bitsMode=UNKNOWN, blendMode='avg', bpc=(8, 8, 8), color=array([-1., -1., -1.]), colorSpace='rgb', depthBits=8, fullscr=False, gamma=None, gammaErrorPolicy='raise', infoMsg=UNKNOWN, lms=UNKNOWN, monitor=<psychopy.monitors.calibTools.Monitor object at 0x00000278000660E0>, multiSample=False, name='window1', numSamples=2, pos=[560.0, 240.0], screen=0, size=array([800, 600]), stencilBits=8, stereo=False, title='PsychoPy', units='height', useFBO=True, useRetina=False, viewOri=0.0, viewPos=None, viewScale=None, waitBlanking=True, winType='pyglet')
5.0449 	EXP 	window1: backgroundImage = ''
5.0449 	EXP 	window1: backgroundFit = 'none'
5.0604 	DEBUG 	TextBox2 loaded 1 chars with 0 blanks and 1 valid
5.0609 	DEBUG 	TextBox2 loaded 1 chars with 0 blanks and 1 valid
5.0617 	DEBUG 	TextBox2 loaded 1 chars with 0 blanks and 1 valid
5.0628 	DEBUG 	TextBox2 loaded 1 chars with 0 blanks and 1 valid
5.0638 	DEBUG 	TextBox2 loaded 1 chars with 0 blanks and 1 valid
5.0649 	DEBUG 	TextBox2 loaded 1 chars with 0 blanks and 1 valid
5.0660 	DEBUG 	TextBox2 loaded 1 chars with 0 blanks and 1 valid
5.0665 	DEBUG 	TextBox2 loaded 1 chars with 0 blanks and 1 valid
5.0668 	DEBUG 	TextBox2 loaded 1 chars with 0 blanks and 1 valid
5.0672 	DEBUG 	TextBox2 loaded 1 chars with 0 blanks and 1 valid
5.0681 	DEBUG 	TextBox2 loaded 1 chars with 0 blanks and 1 valid
5.0693 	DEBUG 	TextBox2 loaded 1 chars with 0 blanks and 1 valid
5.0698 	DEBUG 	TextBox2 loaded 1 chars with 0 blanks and 1 valid
5.0705 	DEBUG 	TextBox2 loaded 1 chars with 0 blanks and 1 valid
5.0716 	DEBUG 	TextBox2 loaded 1 chars with 0 blanks and 1 valid
5.0734 	DEBUG 	TextBox2 loaded 1 chars with 0 blanks and 1 valid
5.0744 	DEBUG 	TextBox2 loaded 1 chars with 0 blanks and 1 valid
5.0751 	DEBUG 	TextBox2 loaded 1 chars with 0 blanks and 1 valid
5.0759 	DEBUG 	TextBox2 loaded 1 chars with 0 blanks and 1 valid
5.0767 	DEBUG 	TextBox2 loaded 1 chars with 0 blanks and 1 valid
5.0777 	DEBUG 	TextBox2 loaded 1 chars with 0 blanks and 1 valid
5.0787 	DEBUG 	TextBox2 loaded 1 chars with 0 blanks and 1 valid
5.0798 	DEBUG 	TextBox2 loaded 1 chars with 0 blanks and 1 valid
5.0808 	DEBUG 	TextBox2 loaded 1 chars with 0 blanks and 1 valid
5.0817 	DEBUG 	TextBox2 loaded 1 chars with 0 blanks and 1 valid
5.0826 	DEBUG 	TextBox2 loaded 1 chars with 0 blanks and 1 valid
5.0837 	DEBUG 	TextBox2 loaded 1 chars with 0 blanks and 1 valid
5.0841 	DEBUG 	TextBox2 loaded 1 chars with 0 blanks and 1 valid
5.0844 	DEBUG 	Uploading Texture Font fontname to graphics card
5.0909 	DEBUG 	Upload of Texture Font fontname complete
5.1112 	DEBUG 	TextBox2 loaded 1 chars with 0 blanks and 1 valid
5.1124 	DEBUG 	TextBox2 loaded 1 chars with 0 blanks and 1 valid
5.1127 	DEBUG 	Uploading Texture Font fontname to graphics card
5.1198 	DEBUG 	Upload of Texture Font fontname complete
5.1302 	WARNING 	launchHubServer: If using the iohub mouse or eyetracker devices, fullScr should be True.
8.4652 	INFO 	keyboard.Keyboard is using iohub backend.
8.4653 	INFO 	keyboard.Keyboard is using iohub backend.
8.4654 	INFO 	keyboard.Keyboard is using iohub backend.
8.4654 	INFO 	keyboard.Keyboard is using iohub backend.
8.4655 	INFO 	keyboard.Keyboard is using iohub backend.
8.4656 	INFO 	keyboard.Keyboard is using iohub backend.
8.4656 	EXP 	main: status = STARTED
8.4907 	EXP 	Created welcome_image = ImageStim(__class__=<class 'psychopy.visual.image.ImageStim'>, anchor=('center', 'center'), autoLog=True, color=array([1., 1., 1.]), colorSpace='rgb', contrast=1.0, depth=-2.0, draggable=False, flipHoriz=False, flipVert=False, image='welcome_message.PNG', interpolate=True, mask=None, maskParams=None, name='welcome_image', opacity=1, ori=0.0, pos=array([0., 0.]), size=array([1.5, 0.9]), texRes=128.0, units='height', win=Window(...))
8.6561 	EXP 	Created text = TextStim(__class__=<class 'psychopy.visual.text.TextStim'>, alignHoriz=method-wrapper(...), alignText='center', alignVert=method-wrapper(...), anchorHoriz='center', anchorVert='center', antialias=True, autoDraw=False, autoLog=True, bold=False, color=array([1., 1., 1.]), colorSpace='rgb', contrast=1.0, depth=0.0, draggable=False, flipHoriz=False, flipVert=False, font='Arial', fontFiles=[], height=0.1, italic=False, languageStyle='LTR', name='text', opacity=1, ori=0.0, pos=array([0., 0.]), rgb=UNKNOWN, text='+', units='height', win=Window(...), wrapWidth=1)
8.7024 	DEBUG 	TextBox2 loaded 1 chars with 0 blanks and 1 valid
8.7056 	DEBUG 	TextBox2 loaded 1 chars with 0 blanks and 1 valid
8.7083 	DEBUG 	TextBox2 loaded 1 chars with 0 blanks and 1 valid
8.7109 	DEBUG 	TextBox2 loaded 1 chars with 0 blanks and 1 valid
8.7119 	DEBUG 	TextBox2 loaded 1 chars with 0 blanks and 1 valid
8.7135 	DEBUG 	TextBox2 loaded 1 chars with 0 blanks and 1 valid
8.7160 	DEBUG 	TextBox2 loaded 1 chars with 0 blanks and 1 valid
8.7175 	DEBUG 	TextBox2 loaded 1 chars with 0 blanks and 1 valid
8.7184 	DEBUG 	TextBox2 loaded 1 chars with 0 blanks and 1 valid
8.7189 	DEBUG 	Uploading Texture Font fontname to graphics card
8.7203 	DEBUG 	Upload of Texture Font fontname complete
8.7287 	EXP 	Created prog = Progress(__class__=<class 'psychopy.visual.progress.Progress'>, anchor=('left', 'center'), autoDraw=False, autoLog=True, closeShape=True, color=method-wrapper(...), colorSpace='rgb', contrast=None, depth=-2, draggable=False, fillColor=array([0, 0, 0]), fillColorSpace='rgb', fillRGB=array([0, 0, 0]), interpolate=True, lineColor=array([1., 1., 1.]), lineColorSpace='rgb', lineRGB=array([1, 1, 1]), lineWidth=4.0, name='prog', opacity=1.0, ori=0.0, pos=array([-0.25, -0.2 ]), size=array([0.5 , 0.05]), units='height', vertices=ndarray(...), win=Window(...), windingRule=None)
8.7318 	EXP 	Created progBar = ShapeStim(__class__=<class 'psychopy.visual.shape.ShapeStim'>, anchor=('left', 'center'), autoDraw=False, autoLog=True, closeShape=True, color=method-wrapper(...), colorSpace='rgb', contrast=None, depth=-2, draggable=False, fillColor=array([-1.    , -1.    ,  0.0902]), fillColorSpace='rgb', fillRGB=array([-1.    , -1.    ,  0.0902]), interpolate=True, lineColor=array([0., 0., 0.]), lineColorSpace='rgb', lineRGB=array([0, 0, 0]), lineWidth=1.5, name='progBar', opacity=1.0, ori=0.0, pos=array([-0.25, -0.2 ]), size=array([0.5 , 0.05]), units='height', vertices=ndarray(...), win=Window(...), windingRule=None)
8.7750 	EXP 	Created prog_2 = Progress(__class__=<class 'psychopy.visual.progress.Progress'>, anchor=('left', 'center'), autoDraw=False, autoLog=True, closeShape=True, color=method-wrapper(...), colorSpace='rgb', contrast=None, depth=-2, draggable=False, fillColor=array([0, 0, 0]), fillColorSpace='rgb', fillRGB=array([0, 0, 0]), interpolate=True, lineColor=array([1., 1., 1.]), lineColorSpace='rgb', lineRGB=array([1, 1, 1]), lineWidth=4.0, name='prog_2', opacity=1.0, ori=0.0, pos=array([-0.25, -0.2 ]), size=array([0.5 , 0.05]), units='height', vertices=ndarray(...), win=Window(...), windingRule=None)
8.7772 	EXP 	Created prog_2Bar = ShapeStim(__class__=<class 'psychopy.visual.shape.ShapeStim'>, anchor=('left', 'center'), autoDraw=False, autoLog=True, closeShape=True, color=method-wrapper(...), colorSpace='rgb', contrast=None, depth=-2, draggable=False, fillColor=array([-1.    , -1.    ,  0.0902]), fillColorSpace='rgb', fillRGB=array([-1.    , -1.    ,  0.0902]), interpolate=True, lineColor=array([0., 0., 0.]), lineColorSpace='rgb', lineRGB=array([0, 0, 0]), lineWidth=1.5, name='prog_2Bar', opacity=1.0, ori=0.0, pos=array([-0.25, -0.2 ]), size=array([0.5 , 0.05]), units='height', vertices=ndarray(...), win=Window(...), windingRule=None)
8.7975 	DEBUG 	TextBox2 loaded 1 chars with 0 blanks and 1 valid
8.7981 	DEBUG 	TextBox2 loaded 1 chars with 0 blanks and 1 valid
8.7987 	DEBUG 	TextBox2 loaded 1 chars with 0 blanks and 1 valid
8.7993 	DEBUG 	TextBox2 loaded 1 chars with 0 blanks and 1 valid
8.7999 	DEBUG 	TextBox2 loaded 1 chars with 0 blanks and 1 valid
8.8002 	DEBUG 	TextBox2 loaded 1 chars with 0 blanks and 1 valid
8.8006 	DEBUG 	TextBox2 loaded 1 chars with 0 blanks and 1 valid
8.8012 	DEBUG 	TextBox2 loaded 1 chars with 0 blanks and 1 valid
8.8019 	DEBUG 	TextBox2 loaded 1 chars with 0 blanks and 1 valid
8.8028 	DEBUG 	TextBox2 loaded 1 chars with 0 blanks and 1 valid
8.8037 	DEBUG 	TextBox2 loaded 1 chars with 0 blanks and 1 valid
8.8046 	DEBUG 	TextBox2 loaded 1 chars with 0 blanks and 1 valid
8.8054 	DEBUG 	TextBox2 loaded 1 chars with 0 blanks and 1 valid
8.8061 	DEBUG 	TextBox2 loaded 1 chars with 0 blanks and 1 valid
8.8070 	DEBUG 	TextBox2 loaded 1 chars with 0 blanks and 1 valid
8.8078 	DEBUG 	TextBox2 loaded 1 chars with 0 blanks and 1 valid
8.8084 	DEBUG 	TextBox2 loaded 1 chars with 0 blanks and 1 valid
8.8089 	DEBUG 	TextBox2 loaded 1 chars with 0 blanks and 1 valid
8.8093 	DEBUG 	TextBox2 loaded 1 chars with 0 blanks and 1 valid
8.8100 	DEBUG 	TextBox2 loaded 1 chars with 0 blanks and 1 valid
8.8105 	DEBUG 	TextBox2 loaded 1 chars with 0 blanks and 1 valid
8.8110 	DEBUG 	TextBox2 loaded 1 chars with 0 blanks and 1 valid
8.8116 	DEBUG 	TextBox2 loaded 1 chars with 0 blanks and 1 valid
8.8125 	DEBUG 	TextBox2 loaded 1 chars with 0 blanks and 1 valid
8.8134 	DEBUG 	TextBox2 loaded 1 chars with 0 blanks and 1 valid
8.8141 	DEBUG 	TextBox2 loaded 1 chars with 0 blanks and 1 valid
8.8148 	DEBUG 	TextBox2 loaded 1 chars with 0 blanks and 1 valid
8.8154 	DEBUG 	TextBox2 loaded 1 chars with 0 blanks and 1 valid
8.8160 	DEBUG 	TextBox2 loaded 1 chars with 0 blanks and 1 valid
8.8164 	DEBUG 	TextBox2 loaded 1 chars with 0 blanks and 1 valid
8.8171 	DEBUG 	TextBox2 loaded 1 chars with 0 blanks and 1 valid
8.8176 	DEBUG 	TextBox2 loaded 1 chars with 0 blanks and 1 valid
8.8182 	DEBUG 	TextBox2 loaded 1 chars with 0 blanks and 1 valid
8.8188 	DEBUG 	TextBox2 loaded 1 chars with 0 blanks and 1 valid
8.8194 	DEBUG 	TextBox2 loaded 1 chars with 0 blanks and 1 valid
8.8206 	DEBUG 	TextBox2 loaded 1 chars with 0 blanks and 1 valid
8.8215 	DEBUG 	TextBox2 loaded 1 chars with 0 blanks and 1 valid
8.8223 	DEBUG 	TextBox2 loaded 1 chars with 0 blanks and 1 valid
8.8230 	DEBUG 	TextBox2 loaded 1 chars with 0 blanks and 1 valid
8.8237 	DEBUG 	TextBox2 loaded 1 chars with 0 blanks and 1 valid
8.8243 	DEBUG 	TextBox2 loaded 1 chars with 0 blanks and 1 valid
8.8250 	DEBUG 	TextBox2 loaded 1 chars with 0 blanks and 1 valid
8.8255 	DEBUG 	TextBox2 loaded 1 chars with 0 blanks and 1 valid
8.8259 	DEBUG 	TextBox2 loaded 1 chars with 0 blanks and 1 valid
8.8266 	DEBUG 	TextBox2 loaded 1 chars with 0 blanks and 1 valid
8.8274 	DEBUG 	TextBox2 loaded 1 chars with 0 blanks and 1 valid
8.8281 	DEBUG 	TextBox2 loaded 1 chars with 0 blanks and 1 valid
8.8290 	DEBUG 	TextBox2 loaded 1 chars with 0 blanks and 1 valid
8.8309 	DEBUG 	TextBox2 loaded 1 chars with 0 blanks and 1 valid
8.8324 	DEBUG 	TextBox2 loaded 1 chars with 0 blanks and 1 valid
8.8332 	DEBUG 	TextBox2 loaded 1 chars with 0 blanks and 1 valid
8.8338 	DEBUG 	Uploading Texture Font fontname to graphics card
8.8354 	DEBUG 	Upload of Texture Font fontname complete
8.8920 	EXP 	Created real_test_notice = ImageStim(__class__=<class 'psychopy.visual.image.ImageStim'>, anchor=('center', 'center'), autoLog=True, color=array([1., 1., 1.]), colorSpace='rgb', contrast=1.0, depth=-2.0, draggable=False, flipHoriz=False, flipVert=False, image='real_test_notice.PNG', interpolate=True, mask=None, maskParams=None, name='real_test_notice', opacity=1, ori=0.0, pos=array([0., 0.]), size=array([1.8, 0.9]), texRes=128.0, units='height', win=Window(...))
8.8940 	EXP 	Created text = TextStim(__class__=<class 'psychopy.visual.text.TextStim'>, alignHoriz=method-wrapper(...), alignText='center', alignVert=method-wrapper(...), anchorHoriz='center', anchorVert='center', antialias=True, autoDraw=False, autoLog=True, bold=False, color=array([1., 1., 1.]), colorSpace='rgb', contrast=1.0, depth=0.0, draggable=False, flipHoriz=False, flipVert=False, font='Arial', fontFiles=[], height=0.1, italic=False, languageStyle='LTR', name='text', opacity=1, ori=0.0, pos=array([0., 0.]), rgb=UNKNOWN, text='+', units='height', win=Window(...), wrapWidth=1)
8.9269 	EXP 	Created prog = Progress(__class__=<class 'psychopy.visual.progress.Progress'>, anchor=('left', 'center'), autoDraw=False, autoLog=True, closeShape=True, color=method-wrapper(...), colorSpace='rgb', contrast=None, depth=-2, draggable=False, fillColor=array([0, 0, 0]), fillColorSpace='rgb', fillRGB=array([0, 0, 0]), interpolate=True, lineColor=array([1., 1., 1.]), lineColorSpace='rgb', lineRGB=array([1, 1, 1]), lineWidth=4.0, name='prog', opacity=1.0, ori=0.0, pos=array([-0.25, -0.2 ]), size=array([0.5 , 0.05]), units='height', vertices=ndarray(...), win=Window(...), windingRule=None)
8.9283 	EXP 	Created progBar = ShapeStim(__class__=<class 'psychopy.visual.shape.ShapeStim'>, anchor=('left', 'center'), autoDraw=False, autoLog=True, closeShape=True, color=method-wrapper(...), colorSpace='rgb', contrast=None, depth=-2, draggable=False, fillColor=array([-1.    , -1.    ,  0.0902]), fillColorSpace='rgb', fillRGB=array([-1.    , -1.    ,  0.0902]), interpolate=True, lineColor=array([0., 0., 0.]), lineColorSpace='rgb', lineRGB=array([0, 0, 0]), lineWidth=1.5, name='progBar', opacity=1.0, ori=0.0, pos=array([-0.25, -0.2 ]), size=array([0.5 , 0.05]), units='height', vertices=ndarray(...), win=Window(...), windingRule=None)
8.9652 	EXP 	Created prog_2 = Progress(__class__=<class 'psychopy.visual.progress.Progress'>, anchor=('left', 'center'), autoDraw=False, autoLog=True, closeShape=True, color=method-wrapper(...), colorSpace='rgb', contrast=None, depth=-2, draggable=False, fillColor=array([0, 0, 0]), fillColorSpace='rgb', fillRGB=array([0, 0, 0]), interpolate=True, lineColor=array([1., 1., 1.]), lineColorSpace='rgb', lineRGB=array([1, 1, 1]), lineWidth=4.0, name='prog_2', opacity=1.0, ori=0.0, pos=array([-0.25, -0.2 ]), size=array([0.5 , 0.05]), units='height', vertices=ndarray(...), win=Window(...), windingRule=None)
8.9683 	EXP 	Created prog_2Bar = ShapeStim(__class__=<class 'psychopy.visual.shape.ShapeStim'>, anchor=('left', 'center'), autoDraw=False, autoLog=True, closeShape=True, color=method-wrapper(...), colorSpace='rgb', contrast=None, depth=-2, draggable=False, fillColor=array([-1.    , -1.    ,  0.0902]), fillColorSpace='rgb', fillRGB=array([-1.    , -1.    ,  0.0902]), interpolate=True, lineColor=array([0., 0., 0.]), lineColorSpace='rgb', lineRGB=array([0, 0, 0]), lineWidth=1.5, name='prog_2Bar', opacity=1.0, ori=0.0, pos=array([-0.25, -0.2 ]), size=array([0.5 , 0.05]), units='height', vertices=ndarray(...), win=Window(...), windingRule=None)
9.0382 	EXP 	Created thanks_messge = ImageStim(__class__=<class 'psychopy.visual.image.ImageStim'>, anchor=('center', 'center'), autoLog=True, color=array([1., 1., 1.]), colorSpace='rgb', contrast=1.0, depth=-3.0, draggable=False, flipHoriz=False, flipVert=False, image='thank_you.PNG', interpolate=True, mask=None, maskParams=None, name='thanks_messge', opacity=1, ori=0.0, pos=array([0., 0.]), size=array([2.1, 1. ]), texRes=128.0, units='height', win=Window(...))
0.0202 	EXP 	textbox_2: autoLog = True
0.0202 	EXP 	prog: direction = 'horizontal'
0.0202 	EXP 	prog: progress = 0.0
0.0202 	EXP 	prog_2: direction = 'horizontal'
0.0202 	EXP 	prog_2: progress = 0.0
0.0202 	EXP 	textbox_2: autoLog = True
0.0202 	EXP 	prog: direction = 'horizontal'
0.0202 	EXP 	prog: progress = 0.0
0.0202 	EXP 	prog_2: direction = 'horizontal'
0.0202 	EXP 	prog_2: progress = 0.0
0.0202 	EXP 	thank_you_message: autoLog = True
0.0631 	EXP 	welcome_image: autoDraw = True
2.0154 	INFO 	Keyboard events cleared
5.6130 	DATA 	Mouse: Left button down, pos=(411,287)
5.6336 	DEBUG 	Read excel file with openpyxl: practice_trials.xlsx
5.6339 	EXP 	Imported practice_trials.xlsx as conditions, 3 conditions, 4 params
5.6342 	EXP 	New trial (rep=0, index=0): <Trial 0 (0 in rep 0) data={'word1': 'cottage', 'word2': 'swiss', 'word3': 'cake', 'solution': 'cheese', 'thisN': 0, 'thisTrialN': 0, 'thisRepN': 0}>
5.6410 	EXP 	welcome_image: autoDraw = False
5.6410 	EXP 	text: autoDraw = True
5.6931 	DATA 	Mouse:  Left button up, pos=(411,287)
6.3909 	EXP 	text: autoDraw = False
6.6278 	DEBUG 	TextBox2 loaded 1 chars with 0 blanks and 1 valid
6.6294 	DEBUG 	TextBox2 loaded 1 chars with 0 blanks and 1 valid
6.6308 	DEBUG 	TextBox2 loaded 1 chars with 0 blanks and 1 valid
6.6322 	DEBUG 	TextBox2 loaded 1 chars with 0 blanks and 1 valid
6.6338 	DEBUG 	TextBox2 loaded 1 chars with 0 blanks and 1 valid
6.6350 	DEBUG 	TextBox2 loaded 1 chars with 0 blanks and 1 valid
6.6366 	DEBUG 	TextBox2 loaded 1 chars with 0 blanks and 1 valid
6.6372 	DEBUG 	TextBox2 loaded 1 chars with 0 blanks and 1 valid
6.6387 	DEBUG 	TextBox2 loaded 1 chars with 0 blanks and 1 valid
6.6392 	DEBUG 	Uploading Texture Font fontname to graphics card
6.6404 	DEBUG 	Upload of Texture Font fontname complete
6.6589 	EXP 	text: autoDraw = False
6.6589 	EXP 	textbox_2: autoDraw = True
6.6589 	EXP 	prog: autoDraw = True
6.8407 	INFO 	Keyboard events cleared
7.1978 	DEBUG 	TextBox2 loaded 1 chars with 0 blanks and 1 valid
7.1981 	DEBUG 	Uploading Texture Font fontname to graphics card
7.1990 	DEBUG 	Upload of Texture Font fontname complete
7.2002 	DEBUG 	TextBox2 loaded 1 chars with 0 blanks and 1 valid
7.2010 	DEBUG 	TextBox2 loaded 1 chars with 0 blanks and 1 valid
7.2017 	DEBUG 	TextBox2 loaded 1 chars with 0 blanks and 1 valid
7.2024 	DEBUG 	TextBox2 loaded 1 chars with 0 blanks and 1 valid
7.2027 	DEBUG 	TextBox2 loaded 1 chars with 0 blanks and 1 valid
7.2030 	DEBUG 	TextBox2 loaded 1 chars with 0 blanks and 1 valid
7.2037 	DEBUG 	TextBox2 loaded 1 chars with 0 blanks and 1 valid
7.2045 	DEBUG 	TextBox2 loaded 1 chars with 0 blanks and 1 valid
7.2049 	DEBUG 	TextBox2 loaded 1 chars with 0 blanks and 1 valid
7.2054 	DEBUG 	Uploading Texture Font fontname to graphics card
7.2073 	DEBUG 	Upload of Texture Font fontname complete
7.2085 	INFO 	Keyboard events cleared
7.2155 	DATA 	Keypress: t
7.2265 	EXP 	textbox_2: autoDraw = False
7.2265 	EXP 	prog: autoDraw = False
7.2265 	EXP 	prog_2: autoDraw = True
7.2318 	DATA 	Keypress: e
7.2616 	DATA 	Keypress: s
7.2624 	DEBUG 	TextBox2 loaded 1 chars with 0 blanks and 1 valid
7.2627 	DEBUG 	Uploading Texture Font fontname to graphics card
7.2632 	DEBUG 	Upload of Texture Font fontname complete
7.2950 	DATA 	Keypress: t
7.3433 	EXP 	New trial (rep=0, index=1): <Trial 1 (1 in rep 0) data={'word1': 'cream', 'word2': 'skate', 'word3': 'water', 'solution': 'ice', 'thisN': 1, 'thisTrialN': 1, 'thisRepN': 0}>
7.3437 	DATA 	Keypress: return
7.3565 	EXP 	prog_2: autoDraw = False
7.3565 	EXP 	text: autoDraw = True
8.1062 	EXP 	text: autoDraw = False
8.3441 	DEBUG 	TextBox2 loaded 1 chars with 0 blanks and 1 valid
8.3445 	DEBUG 	Uploading Texture Font fontname to graphics card
8.3451 	DEBUG 	Upload of Texture Font fontname complete
8.3581 	EXP 	text: autoDraw = False
8.3581 	EXP 	textbox_2: autoDraw = True
8.3581 	EXP 	prog: autoDraw = True
8.5565 	INFO 	Keyboard events cleared
8.7104 	INFO 	Keyboard events cleared
8.7127 	DATA 	Keypress: t
8.7226 	EXP 	textbox_2: autoDraw = False
8.7226 	EXP 	prog: autoDraw = False
8.7226 	EXP 	prog_2: autoDraw = True
8.7615 	DATA 	Keypress: e
8.7783 	DATA 	Keypress: s
8.8108 	DATA 	Keypress: t
8.8589 	EXP 	New trial (rep=0, index=2): <Trial 2 (2 in rep 0) data={'word1': 'rocking', 'word2': 'wheel', 'word3': 'high', 'solution': 'horse', 'thisN': 2, 'thisTrialN': 2, 'thisRepN': 0}>
8.8592 	DATA 	Keypress: return
8.8725 	EXP 	prog_2: autoDraw = False
8.8725 	EXP 	text: autoDraw = True
9.6224 	EXP 	text: autoDraw = False
9.8596 	DEBUG 	TextBox2 loaded 1 chars with 0 blanks and 1 valid
9.8604 	DEBUG 	TextBox2 loaded 1 chars with 0 blanks and 1 valid
9.8606 	DEBUG 	Uploading Texture Font fontname to graphics card
9.8613 	DEBUG 	Upload of Texture Font fontname complete
9.8736 	EXP 	text: autoDraw = False
9.8736 	EXP 	textbox_2: autoDraw = True
9.8736 	EXP 	prog: autoDraw = True
10.0726 	INFO 	Keyboard events cleared
10.1750 	DATA 	Keypress: t
10.1777 	INFO 	Keyboard events cleared
10.1886 	EXP 	textbox_2: autoDraw = False
10.1886 	EXP 	prog: autoDraw = False
10.1886 	EXP 	prog_2: autoDraw = True
10.1931 	DATA 	Keypress: e
10.2264 	DATA 	Keypress: s
10.2610 	DATA 	Keypress: t
10.3141 	DATA 	Keypress: return
10.3234 	EXP 	prog_2: autoDraw = False
10.3234 	EXP 	real_test_notice: autoDraw = True
11.5449 	DATA 	Keypress: t
11.5780 	DATA 	Keypress: e
11.6103 	DATA 	Keypress: s
11.6437 	DATA 	Keypress: t
11.6937 	DATA 	Keypress: return
12.3237 	INFO 	Keyboard events cleared
13.0741 	DATA 	Keypress: f
13.0753 	DEBUG 	TextBox2 loaded 1 chars with 0 blanks and 1 valid
13.0756 	DEBUG 	Uploading Texture Font fontname to graphics card
13.0762 	DEBUG 	Upload of Texture Font fontname complete
13.0970 	DEBUG 	Read excel file with openpyxl: CRA_conditions.xlsx
13.1002 	EXP 	Imported CRA_conditions.xlsx as conditions, 60 conditions, 4 params
13.1014 	EXP 	New trial (rep=0, index=0): <Trial 0 (0 in rep 0) data={'word1': 'dream', 'word2': 'break', 'word3': 'light', 'solution': 'day', 'thisN': 0, 'thisTrialN': 0, 'thisRepN': 0}>
13.1211 	EXP 	real_test_notice: autoDraw = False
13.1211 	EXP 	text: autoDraw = True
13.8703 	EXP 	text: autoDraw = False
14.0785 	DEBUG 	TextBox2 loaded 1 chars with 0 blanks and 1 valid
14.0816 	DEBUG 	TextBox2 loaded 1 chars with 0 blanks and 1 valid
14.0821 	DEBUG 	Uploading Texture Font fontname to graphics card
14.0828 	DEBUG 	Upload of Texture Font fontname complete
14.1042 	EXP 	text: autoDraw = False
14.1042 	EXP 	textbox_2: autoDraw = True
14.1042 	EXP 	prog: autoDraw = True
14.2867 	INFO 	Keyboard events cleared
14.6417 	INFO 	Keyboard events cleared
14.6441 	DATA 	Keypress: t
14.6530 	EXP 	textbox_2: autoDraw = False
14.6530 	EXP 	prog: autoDraw = False
14.6530 	EXP 	prog_2: autoDraw = True
14.6906 	DATA 	Keypress: e
14.7248 	DATA 	Keypress: s
14.7414 	DATA 	Keypress: t
14.7893 	EXP 	New trial (rep=0, index=1): <Trial 1 (1 in rep 0) data={'word1': 'preserve', 'word2': 'ranger', 'word3': 'tropical', 'solution': 'forest', 'thisN': 1, 'thisTrialN': 1, 'thisRepN': 0}>
14.7896 	DATA 	Keypress: return
14.8029 	EXP 	prog_2: autoDraw = False
14.8029 	EXP 	text: autoDraw = True
15.5530 	EXP 	text: autoDraw = False
15.7936 	DEBUG 	TextBox2 loaded 1 chars with 0 blanks and 1 valid
15.7942 	DEBUG 	Uploading Texture Font fontname to graphics card
15.7949 	DEBUG 	Upload of Texture Font fontname complete
15.8201 	EXP 	text: autoDraw = False
15.8201 	EXP 	textbox_2: autoDraw = True
15.8201 	EXP 	prog: autoDraw = True
16.0027 	INFO 	Keyboard events cleared
16.1250 	INFO 	Keyboard events cleared
16.1282 	DATA 	Keypress: t
16.1357 	EXP 	textbox_2: autoDraw = False
16.1357 	EXP 	prog: autoDraw = False
16.1357 	EXP 	prog_2: autoDraw = True
16.1579 	DATA 	Keypress: e
16.1912 	DATA 	Keypress: s
16.2244 	DATA 	Keypress: t
16.2719 	EXP 	New trial (rep=0, index=2): <Trial 2 (2 in rep 0) data={'word1': 'wheel', 'word2': 'hand', 'word3': 'shopping', 'solution': 'cart', 'thisN': 2, 'thisTrialN': 2, 'thisRepN': 0}>
16.2722 	DATA 	Keypress: return
16.2855 	EXP 	prog_2: autoDraw = False
16.2855 	EXP 	text: autoDraw = True
17.0355 	EXP 	text: autoDraw = False
17.2850 	EXP 	text: autoDraw = False
17.2850 	EXP 	textbox_2: autoDraw = True
17.2850 	EXP 	prog: autoDraw = True
17.4853 	INFO 	Keyboard events cleared
17.5376 	DATA 	Keypress: t
17.5409 	INFO 	Keyboard events cleared
17.5516 	EXP 	textbox_2: autoDraw = False
17.5516 	EXP 	prog: autoDraw = False
17.5516 	EXP 	prog_2: autoDraw = True
17.5570 	DATA 	Keypress: e
17.5901 	DATA 	Keypress: s
17.6238 	DATA 	Keypress: t
17.6712 	EXP 	New trial (rep=0, index=3): <Trial 3 (3 in rep 0) data={'word1': 'fur', 'word2': 'rack', 'word3': 'tail', 'solution': 'coat', 'thisN': 3, 'thisTrialN': 3, 'thisRepN': 0}>
17.6715 	DATA 	Keypress: return
17.6848 	EXP 	prog_2: autoDraw = False
17.6848 	EXP 	text: autoDraw = True
18.4351 	EXP 	text: autoDraw = False
18.6722 	DEBUG 	TextBox2 loaded 1 chars with 0 blanks and 1 valid
18.6737 	DEBUG 	TextBox2 loaded 1 chars with 0 blanks and 1 valid
18.6741 	DEBUG 	Uploading Texture Font fontname to graphics card
18.6746 	DEBUG 	Upload of Texture Font fontname complete
18.6858 	EXP 	text: autoDraw = False
18.6858 	EXP 	textbox_2: autoDraw = True
18.6858 	EXP 	prog: autoDraw = True
18.8847 	INFO 	Keyboard events cleared
18.9580 	DATA 	Keypress: t
18.9729 	INFO 	Keyboard events cleared
18.9841 	EXP 	textbox_2: autoDraw = False
18.9841 	EXP 	prog: autoDraw = False
18.9841 	EXP 	prog_2: autoDraw = True
18.9899 	DATA 	Keypress: e
19.0225 	DATA 	Keypress: s
19.0550 	DATA 	Keypress: t
19.1035 	EXP 	New trial (rep=0, index=4): <Trial 4 (4 in rep 0) data={'word1': 'spoon', 'word2': 'cloth', 'word3': 'card', 'solution': 'table', 'thisN': 4, 'thisTrialN': 4, 'thisRepN': 0}>
19.1038 	DATA 	Keypress: return
19.1174 	EXP 	prog_2: autoDraw = False
19.1174 	EXP 	text: autoDraw = True
19.8670 	EXP 	text: autoDraw = False
20.1173 	EXP 	text: autoDraw = False
20.1173 	EXP 	textbox_2: autoDraw = True
20.1173 	EXP 	prog: autoDraw = True
20.3171 	INFO 	Keyboard events cleared
20.3532 	DATA 	Keypress: t
20.3559 	INFO 	Keyboard events cleared
20.3669 	EXP 	textbox_2: autoDraw = False
20.3669 	EXP 	prog: autoDraw = False
20.3669 	EXP 	prog_2: autoDraw = True
20.3896 	DATA 	Keypress: e
20.4223 	DATA 	Keypress: s
20.4557 	DATA 	Keypress: t
20.5036 	EXP 	New trial (rep=0, index=5): <Trial 5 (5 in rep 0) data={'word1': 'fish', 'word2': 'mine', 'word3': 'rush', 'solution': 'gold', 'thisN': 5, 'thisTrialN': 5, 'thisRepN': 0}>
20.5039 	DATA 	Keypress: return
20.5171 	EXP 	prog_2: autoDraw = False
20.5171 	EXP 	text: autoDraw = True
21.2668 	EXP 	text: autoDraw = False
21.5167 	EXP 	text: autoDraw = False
21.5167 	EXP 	textbox_2: autoDraw = True
21.5167 	EXP 	prog: autoDraw = True
21.7169 	INFO 	Keyboard events cleared
21.7566 	DATA 	Keypress: t
21.7718 	INFO 	Keyboard events cleared
21.7830 	EXP 	textbox_2: autoDraw = False
21.7830 	EXP 	prog: autoDraw = False
21.7830 	EXP 	prog_2: autoDraw = True
21.7892 	DATA 	Keypress: e
21.8224 	DATA 	Keypress: s
21.8556 	DATA 	Keypress: t
21.9027 	EXP 	New trial (rep=0, index=6): <Trial 6 (6 in rep 0) data={'word1': 'cracker', 'word2': 'fly', 'word3': 'fighter', 'solution': 'fire', 'thisN': 6, 'thisTrialN': 6, 'thisRepN': 0}>
21.9030 	DATA 	Keypress: return
21.9162 	EXP 	prog_2: autoDraw = False
21.9162 	EXP 	text: autoDraw = True
22.6663 	EXP 	text: autoDraw = False
22.9161 	EXP 	text: autoDraw = False
22.9161 	EXP 	textbox_2: autoDraw = True
22.9161 	EXP 	prog: autoDraw = True
22.9847 	DATA 	Keypress: t
23.0181 	DATA 	Keypress: e
23.0515 	DATA 	Keypress: s
23.0848 	DATA 	Keypress: t
23.1157 	INFO 	Keyboard events cleared
23.1343 	DATA 	Keypress: return
23.4053 	DATA 	Keypress: t
23.4202 	INFO 	Keyboard events cleared
23.4321 	EXP 	textbox_2: autoDraw = False
23.4321 	EXP 	prog: autoDraw = False
23.4321 	EXP 	prog_2: autoDraw = True
23.4542 	DATA 	Keypress: e
23.4705 	DATA 	Keypress: s
23.5031 	DATA 	Keypress: t
23.5518 	EXP 	New trial (rep=0, index=7): <Trial 7 (7 in rep 0) data={'word1': 'trip', 'word2': 'house', 'word3': 'goal', 'solution': 'field', 'thisN': 7, 'thisTrialN': 7, 'thisRepN': 0}>
23.5521 	DATA 	Keypress: return
23.5652 	EXP 	prog_2: autoDraw = False
23.5652 	EXP 	text: autoDraw = True
24.3155 	EXP 	text: autoDraw = False
24.5650 	EXP 	text: autoDraw = False
24.5650 	EXP 	textbox_2: autoDraw = True
24.5650 	EXP 	prog: autoDraw = True
24.7650 	INFO 	Keyboard events cleared
24.8354 	DATA 	Keypress: t
24.8379 	INFO 	Keyboard events cleared
24.8481 	EXP 	textbox_2: autoDraw = False
24.8481 	EXP 	prog: autoDraw = False
24.8481 	EXP 	prog_2: autoDraw = True
24.8697 	DATA 	Keypress: e
24.9030 	DATA 	Keypress: s
24.9361 	DATA 	Keypress: t
24.9843 	EXP 	New trial (rep=0, index=8): <Trial 8 (8 in rep 0) data={'word1': 'fountain', 'word2': 'baking', 'word3': 'pop', 'solution': 'soda', 'thisN': 8, 'thisTrialN': 8, 'thisRepN': 0}>
24.9846 	DATA 	Keypress: return
24.9979 	EXP 	prog_2: autoDraw = False
24.9979 	EXP 	text: autoDraw = True
25.7481 	EXP 	text: autoDraw = False
25.9977 	EXP 	text: autoDraw = False
25.9977 	EXP 	textbox_2: autoDraw = True
25.9977 	EXP 	prog: autoDraw = True
26.1976 	INFO 	Keyboard events cleared
26.2669 	DATA 	Keypress: t
26.2694 	INFO 	Keyboard events cleared
26.2807 	EXP 	textbox_2: autoDraw = False
26.2807 	EXP 	prog: autoDraw = False
26.2807 	EXP 	prog_2: autoDraw = True
26.3027 	DATA 	Keypress: e
26.3197 	DATA 	Keypress: s
26.3528 	DATA 	Keypress: t
26.4004 	EXP 	New trial (rep=0, index=9): <Trial 9 (9 in rep 0) data={'word1': 'cat', 'word2': 'number', 'word3': 'phone', 'solution': 'call', 'thisN': 9, 'thisTrialN': 9, 'thisRepN': 0}>
26.4007 	DATA 	Keypress: return
26.4146 	EXP 	prog_2: autoDraw = False
26.4146 	EXP 	text: autoDraw = True
27.1638 	EXP 	text: autoDraw = False
27.4138 	EXP 	text: autoDraw = False
27.4138 	EXP 	textbox_2: autoDraw = True
27.4138 	EXP 	prog: autoDraw = True
27.6136 	INFO 	Keyboard events cleared
27.6661 	DATA 	Keypress: t
27.6687 	INFO 	Keyboard events cleared
27.6800 	EXP 	textbox_2: autoDraw = False
27.6800 	EXP 	prog: autoDraw = False
27.6800 	EXP 	prog_2: autoDraw = True
27.7016 	DATA 	Keypress: e
27.7352 	DATA 	Keypress: s
27.7688 	DATA 	Keypress: t
27.8019 	DATA 	Keypress: return
29.2514 	DATA 	Keypress: backspace
29.5986 	EXP 	New trial (rep=0, index=10): <Trial 10 (10 in rep 0) data={'word1': 'political', 'word2': 'surprise', 'word3': 'line', 'solution': 'party', 'thisN': 10, 'thisTrialN': 10, 'thisRepN': 0}>
29.5989 	DATA 	Keypress: return
29.6123 	EXP 	prog_2: autoDraw = False
29.6123 	EXP 	text: autoDraw = True
30.3622 	EXP 	text: autoDraw = False
30.6119 	EXP 	text: autoDraw = False
30.6119 	EXP 	textbox_2: autoDraw = True
30.6119 	EXP 	prog: autoDraw = True
30.8120 	INFO 	Keyboard events cleared
30.8984 	DATA 	Keypress: t
30.9012 	INFO 	Keyboard events cleared
30.9128 	EXP 	textbox_2: autoDraw = False
30.9128 	EXP 	prog: autoDraw = False
30.9128 	EXP 	prog_2: autoDraw = True
30.9341 	DATA 	Keypress: e
30.9512 	DATA 	Keypress: s
30.9837 	DATA 	Keypress: t
31.0325 	EXP 	New trial (rep=0, index=11): <Trial 11 (11 in rep 0) data={'word1': 'hound', 'word2': 'pressure', 'word3': 'spot', 'solution': 'blood', 'thisN': 11, 'thisTrialN': 11, 'thisRepN': 0}>
31.0329 	DATA 	Keypress: return
31.0451 	EXP 	prog_2: autoDraw = False
31.0451 	EXP 	text: autoDraw = True
31.7955 	EXP 	text: autoDraw = False
32.0452 	EXP 	text: autoDraw = False
32.0452 	EXP 	textbox_2: autoDraw = True
32.0452 	EXP 	prog: autoDraw = True
32.2447 	INFO 	Keyboard events cleared
32.2637 	DATA 	Keypress: t
32.2660 	INFO 	Keyboard events cleared
32.2777 	EXP 	textbox_2: autoDraw = False
32.2777 	EXP 	prog: autoDraw = False
32.2777 	EXP 	prog_2: autoDraw = True
32.2990 	DATA 	Keypress: e
32.3321 	DATA 	Keypress: s
32.3656 	DATA 	Keypress: t
32.3975 	EXP 	New trial (rep=0, index=12): <Trial 12 (12 in rep 0) data={'word1': 'night', 'word2': 'wrist', 'word3': 'stop', 'solution': 'watch', 'thisN': 12, 'thisTrialN': 12, 'thisRepN': 0}>
32.3978 	DATA 	Keypress: return
32.4109 	EXP 	prog_2: autoDraw = False
32.4109 	EXP 	text: autoDraw = True
33.1610 	EXP 	text: autoDraw = False
33.4109 	EXP 	text: autoDraw = False
33.4109 	EXP 	textbox_2: autoDraw = True
33.4109 	EXP 	prog: autoDraw = True
33.6107 	INFO 	Keyboard events cleared
33.6988 	DATA 	Keypress: t
33.7139 	INFO 	Keyboard events cleared
33.7269 	EXP 	textbox_2: autoDraw = False
33.7269 	EXP 	prog: autoDraw = False
33.7269 	EXP 	prog_2: autoDraw = True
33.7476 	DATA 	Keypress: e
33.7810 	DATA 	Keypress: s
33.8143 	DATA 	Keypress: t
33.8629 	EXP 	New trial (rep=0, index=13): <Trial 13 (13 in rep 0) data={'word1': 'hungry', 'word2': 'order', 'word3': 'belt', 'solution': 'money', 'thisN': 13, 'thisTrialN': 13, 'thisRepN': 0}>
33.8632 	DATA 	Keypress: return
33.8768 	EXP 	prog_2: autoDraw = False
33.8768 	EXP 	text: autoDraw = True
34.6271 	EXP 	text: autoDraw = False
34.8769 	EXP 	text: autoDraw = False
34.8769 	EXP 	textbox_2: autoDraw = True
34.8769 	EXP 	prog: autoDraw = True
35.0766 	INFO 	Keyboard events cleared
35.1119 	DATA 	Keypress: t
35.1139 	INFO 	Keyboard events cleared
35.1263 	EXP 	textbox_2: autoDraw = False
35.1263 	EXP 	prog: autoDraw = False
35.1263 	EXP 	prog_2: autoDraw = True
35.1474 	DATA 	Keypress: e
35.1644 	DATA 	Keypress: s
35.1978 	DATA 	Keypress: t
35.2461 	EXP 	New trial (rep=0, index=14): <Trial 14 (14 in rep 0) data={'word1': 'cadet', 'word2': 'capsule', 'word3': 'ship', 'solution': 'space', 'thisN': 14, 'thisTrialN': 14, 'thisRepN': 0}>
35.2464 	DATA 	Keypress: return
35.2601 	EXP 	prog_2: autoDraw = False
35.2601 	EXP 	text: autoDraw = True
36.0093 	EXP 	text: autoDraw = False
36.2592 	EXP 	text: autoDraw = False
36.2592 	EXP 	textbox_2: autoDraw = True
36.2592 	EXP 	prog: autoDraw = True
36.4448 	DATA 	Keypress: t
36.4594 	INFO 	Keyboard events cleared
36.4777 	DATA 	Keypress: e
36.4798 	INFO 	Keyboard events cleared
36.4922 	EXP 	textbox_2: autoDraw = False
36.4922 	EXP 	prog: autoDraw = False
36.4922 	EXP 	prog_2: autoDraw = True
36.5133 	DATA 	Keypress: s
36.5469 	DATA 	Keypress: t
36.5949 	EXP 	New trial (rep=0, index=15): <Trial 15 (15 in rep 0) data={'word1': 'cross', 'word2': 'rain', 'word3': 'tie', 'solution': 'bow', 'thisN': 15, 'thisTrialN': 15, 'thisRepN': 0}>
36.5952 	DATA 	Keypress: return
36.6088 	EXP 	prog_2: autoDraw = False
36.6088 	EXP 	text: autoDraw = True
37.3587 	EXP 	text: autoDraw = False
37.6085 	EXP 	text: autoDraw = False
37.6085 	EXP 	textbox_2: autoDraw = True
37.6085 	EXP 	prog: autoDraw = True
37.7278 	DATA 	Keypress: t
37.7604 	DATA 	Keypress: e
37.7938 	DATA 	Keypress: s
37.8086 	INFO 	Keyboard events cleared
37.8271 	DATA 	Keypress: t
37.8295 	INFO 	Keyboard events cleared
37.8416 	EXP 	textbox_2: autoDraw = False
37.8416 	EXP 	prog: autoDraw = False
37.8416 	EXP 	prog_2: autoDraw = True
37.8628 	DATA 	Keypress: return
39.2127 	DATA 	Keypress: backspace
39.5936 	EXP 	New trial (rep=0, index=16): <Trial 16 (16 in rep 0) data={'word1': 'water', 'word2': 'mine', 'word3': 'shaker', 'solution': 'salt', 'thisN': 16, 'thisTrialN': 16, 'thisRepN': 0}>
39.5938 	DATA 	Keypress: return
39.6074 	EXP 	prog_2: autoDraw = False
39.6074 	EXP 	text: autoDraw = True
40.3570 	EXP 	text: autoDraw = False
40.6079 	EXP 	text: autoDraw = False
40.6079 	EXP 	textbox_2: autoDraw = True
40.6079 	EXP 	prog: autoDraw = True
40.8072 	INFO 	Keyboard events cleared
40.9090 	DATA 	Keypress: t
40.9111 	INFO 	Keyboard events cleared
40.9234 	EXP 	textbox_2: autoDraw = False
40.9234 	EXP 	prog: autoDraw = False
40.9234 	EXP 	prog_2: autoDraw = True
40.9441 	DATA 	Keypress: e
40.9774 	DATA 	Keypress: s
41.0111 	DATA 	Keypress: t
41.0592 	EXP 	New trial (rep=0, index=17): <Trial 17 (17 in rep 0) data={'word1': 'sense', 'word2': 'courtesy', 'word3': 'place', 'solution': 'common', 'thisN': 17, 'thisTrialN': 17, 'thisRepN': 0}>
41.0595 	DATA 	Keypress: return
41.0733 	EXP 	prog_2: autoDraw = False
41.0733 	EXP 	text: autoDraw = True
41.8236 	EXP 	text: autoDraw = False
42.0731 	EXP 	text: autoDraw = False
42.0731 	EXP 	textbox_2: autoDraw = True
42.0731 	EXP 	prog: autoDraw = True
42.2730 	INFO 	Keyboard events cleared
42.3285 	DATA 	Keypress: t
42.3446 	INFO 	Keyboard events cleared
42.3561 	EXP 	textbox_2: autoDraw = False
42.3561 	EXP 	prog: autoDraw = False
42.3561 	EXP 	prog_2: autoDraw = True
42.3611 	DATA 	Keypress: e
42.3939 	DATA 	Keypress: s
42.4272 	DATA 	Keypress: t
42.4754 	EXP 	New trial (rep=0, index=18): <Trial 18 (18 in rep 0) data={'word1': 'loser', 'word2': 'throat', 'word3': 'spot', 'solution': 'sore', 'thisN': 18, 'thisTrialN': 18, 'thisRepN': 0}>
42.4757 	DATA 	Keypress: return
42.4893 	EXP 	prog_2: autoDraw = False
42.4893 	EXP 	text: autoDraw = True
43.2395 	EXP 	text: autoDraw = False
43.4895 	EXP 	text: autoDraw = False
43.4895 	EXP 	textbox_2: autoDraw = True
43.4895 	EXP 	prog: autoDraw = True
43.6893 	INFO 	Keyboard events cleared
43.7587 	DATA 	Keypress: t
43.7615 	INFO 	Keyboard events cleared
43.7721 	EXP 	textbox_2: autoDraw = False
43.7721 	EXP 	prog: autoDraw = False
43.7721 	EXP 	prog_2: autoDraw = True
43.7944 	DATA 	Keypress: e
43.8278 	DATA 	Keypress: s
43.8468 	DATA 	Keypress: t
43.8922 	EXP 	New trial (rep=0, index=19): <Trial 19 (19 in rep 0) data={'word1': 'cover', 'word2': 'arm', 'word3': 'wear', 'solution': 'under', 'thisN': 19, 'thisTrialN': 19, 'thisRepN': 0}>
43.8928 	DATA 	Keypress: return
43.9054 	EXP 	prog_2: autoDraw = False
43.9054 	EXP 	text: autoDraw = True
44.6558 	EXP 	text: autoDraw = False
44.9048 	EXP 	text: autoDraw = False
44.9048 	EXP 	textbox_2: autoDraw = True
44.9048 	EXP 	prog: autoDraw = True
45.1050 	INFO 	Keyboard events cleared
45.1570 	DATA 	Keypress: t
45.1590 	INFO 	Keyboard events cleared
45.1714 	EXP 	textbox_2: autoDraw = False
45.1714 	EXP 	prog: autoDraw = False
45.1714 	EXP 	prog_2: autoDraw = True
45.1923 	DATA 	Keypress: e
45.2258 	DATA 	Keypress: s
45.2591 	DATA 	Keypress: t
45.2923 	DATA 	Keypress: return
46.4087 	DATA 	Keypress: backspace
46.7262 	DATA 	Keypress: escape
46.8077 	EXP 	main: status = STOPPED
46.8207 	EXP 	prog_2: autoDraw = False
46.8232 	EXP 	main: status = STOPPED
46.8369 	INFO 	saved data to "C:\\Users\\Michael\\OneDrive - Georgia Southern University\\Virginia Wickline's files - crat\\GITHUB\\CRATpsyc\\data/663518_main_2025-08-14_17h37.51.986.csv"
46.8388 	INFO 	saved data to C:\Users\Michael\OneDrive - Georgia Southern University\Virginia Wickline's files - crat\GITHUB\CRATpsyc\data/663518_main_2025-08-14_17h37.51.986.psydat
47.4991 	DEBUG 	Saving data for main ExperimentHandler
