3.9984 	DEBUG 	Fullscreen settings ignored as running in pilot mode.
3.9990 	INFO 	Loaded monitor calibration from ['2025_08_02 15:28']
4.8481 	EXP 	Created window1 = Window(allowGUI=True, allowStencil=True, autoLog=True, backendConf=UNKNOWN, backgroundFit=<method-wrapper '__getattribute__' of attributeSetter object at 0x000001BD1B6D9CC0>, backgroundImage=<method-wrapper '__getattribute__' of attributeSetter object at 0x000001BD1B6D9960>, bitsMode=UNKNOWN, blendMode='avg', bpc=(8, 8, 8), color=array([-1., -1., -1.]), colorSpace='rgb', depthBits=8, fullscr=False, gamma=None, gammaErrorPolicy='raise', infoMsg=UNKNOWN, lms=UNKNOWN, monitor=<psychopy.monitors.calibTools.Monitor object at 0x000001BD1B6D9AE0>, multiSample=False, name='window1', numSamples=2, pos=[560.0, 240.0], screen=0, size=array([800, 600]), stencilBits=8, stereo=False, title='PsychoPy', units='height', useFBO=True, useRetina=False, viewOri=0.0, viewPos=None, viewScale=None, waitBlanking=True, winType='pyglet')
4.8481 	EXP 	window1: backgroundImage = ''
4.8481 	EXP 	window1: backgroundFit = 'none'
4.8644 	DEBUG 	TextBox2 loaded 1 chars with 0 blanks and 1 valid
4.8649 	DEBUG 	TextBox2 loaded 1 chars with 0 blanks and 1 valid
4.8658 	DEBUG 	TextBox2 loaded 1 chars with 0 blanks and 1 valid
4.8669 	DEBUG 	TextBox2 loaded 1 chars with 0 blanks and 1 valid
4.8678 	DEBUG 	TextBox2 loaded 1 chars with 0 blanks and 1 valid
4.8688 	DEBUG 	TextBox2 loaded 1 chars with 0 blanks and 1 valid
4.8698 	DEBUG 	TextBox2 loaded 1 chars with 0 blanks and 1 valid
4.8704 	DEBUG 	TextBox2 loaded 1 chars with 0 blanks and 1 valid
4.8707 	DEBUG 	TextBox2 loaded 1 chars with 0 blanks and 1 valid
4.8710 	DEBUG 	TextBox2 loaded 1 chars with 0 blanks and 1 valid
4.8719 	DEBUG 	TextBox2 loaded 1 chars with 0 blanks and 1 valid
4.8728 	DEBUG 	TextBox2 loaded 1 chars with 0 blanks and 1 valid
4.8733 	DEBUG 	TextBox2 loaded 1 chars with 0 blanks and 1 valid
4.8742 	DEBUG 	TextBox2 loaded 1 chars with 0 blanks and 1 valid
4.8750 	DEBUG 	TextBox2 loaded 1 chars with 0 blanks and 1 valid
4.8759 	DEBUG 	TextBox2 loaded 1 chars with 0 blanks and 1 valid
4.8767 	DEBUG 	TextBox2 loaded 1 chars with 0 blanks and 1 valid
4.8774 	DEBUG 	TextBox2 loaded 1 chars with 0 blanks and 1 valid
4.8781 	DEBUG 	TextBox2 loaded 1 chars with 0 blanks and 1 valid
4.8789 	DEBUG 	TextBox2 loaded 1 chars with 0 blanks and 1 valid
4.8798 	DEBUG 	TextBox2 loaded 1 chars with 0 blanks and 1 valid
4.8807 	DEBUG 	TextBox2 loaded 1 chars with 0 blanks and 1 valid
4.8814 	DEBUG 	TextBox2 loaded 1 chars with 0 blanks and 1 valid
4.8823 	DEBUG 	TextBox2 loaded 1 chars with 0 blanks and 1 valid
4.8831 	DEBUG 	TextBox2 loaded 1 chars with 0 blanks and 1 valid
4.8838 	DEBUG 	TextBox2 loaded 1 chars with 0 blanks and 1 valid
4.8848 	DEBUG 	TextBox2 loaded 1 chars with 0 blanks and 1 valid
4.8852 	DEBUG 	TextBox2 loaded 1 chars with 0 blanks and 1 valid
4.8854 	DEBUG 	Uploading Texture Font fontname to graphics card
4.8908 	DEBUG 	Upload of Texture Font fontname complete
4.9060 	DEBUG 	TextBox2 loaded 1 chars with 0 blanks and 1 valid
4.9071 	DEBUG 	TextBox2 loaded 1 chars with 0 blanks and 1 valid
4.9073 	DEBUG 	Uploading Texture Font fontname to graphics card
4.9128 	DEBUG 	Upload of Texture Font fontname complete
4.9201 	WARNING 	launchHubServer: If using the iohub mouse or eyetracker devices, fullScr should be True.
7.6157 	INFO 	keyboard.Keyboard is using iohub backend.
7.6157 	INFO 	keyboard.Keyboard is using iohub backend.
7.6158 	INFO 	keyboard.Keyboard is using iohub backend.
7.6158 	INFO 	keyboard.Keyboard is using iohub backend.
7.6158 	INFO 	keyboard.Keyboard is using iohub backend.
7.6158 	EXP 	main: status = STARTED
7.6328 	EXP 	Created welcome_image = ImageStim(__class__=<class 'psychopy.visual.image.ImageStim'>, anchor=('center', 'center'), autoLog=True, color=array([1., 1., 1.]), colorSpace='rgb', contrast=1.0, depth=-2.0, draggable=False, flipHoriz=False, flipVert=False, image='welcome_message.PNG', interpolate=True, mask=None, maskParams=None, name='welcome_image', opacity=1, ori=0.0, pos=array([0., 0.]), size=array([1.5, 0.9]), texRes=128.0, units='height', win=Window(...))
7.7056 	EXP 	Created text = TextStim(__class__=<class 'psychopy.visual.text.TextStim'>, alignHoriz=method-wrapper(...), alignText='center', alignVert=method-wrapper(...), anchorHoriz='center', anchorVert='center', antialias=True, autoDraw=False, autoLog=True, bold=False, color=array([1., 1., 1.]), colorSpace='rgb', contrast=1.0, depth=0.0, draggable=False, flipHoriz=False, flipVert=False, font='Arial', fontFiles=[], height=0.1, italic=False, languageStyle='LTR', name='text', opacity=1, ori=0.0, pos=array([0., 0.]), rgb=UNKNOWN, text='+', units='height', win=Window(...), wrapWidth=1)
7.7343 	DEBUG 	TextBox2 loaded 1 chars with 0 blanks and 1 valid
7.7367 	DEBUG 	TextBox2 loaded 1 chars with 0 blanks and 1 valid
7.7390 	DEBUG 	TextBox2 loaded 1 chars with 0 blanks and 1 valid
7.7412 	DEBUG 	TextBox2 loaded 1 chars with 0 blanks and 1 valid
7.7421 	DEBUG 	TextBox2 loaded 1 chars with 0 blanks and 1 valid
7.7431 	DEBUG 	TextBox2 loaded 1 chars with 0 blanks and 1 valid
7.7453 	DEBUG 	TextBox2 loaded 1 chars with 0 blanks and 1 valid
7.7470 	DEBUG 	TextBox2 loaded 1 chars with 0 blanks and 1 valid
7.7487 	DEBUG 	TextBox2 loaded 1 chars with 0 blanks and 1 valid
7.7490 	DEBUG 	Uploading Texture Font fontname to graphics card
7.7499 	DEBUG 	Upload of Texture Font fontname complete
7.7546 	EXP 	Created prog = Progress(__class__=<class 'psychopy.visual.progress.Progress'>, anchor=('left', 'center'), autoDraw=False, autoLog=True, closeShape=True, color=method-wrapper(...), colorSpace='rgb', contrast=None, depth=-2, draggable=False, fillColor=array([0, 0, 0]), fillColorSpace='rgb', fillRGB=array([0, 0, 0]), interpolate=True, lineColor=array([1., 1., 1.]), lineColorSpace='rgb', lineRGB=array([1, 1, 1]), lineWidth=4.0, name='prog', opacity=1.0, ori=0.0, pos=array([-0.25, -0.2 ]), size=array([0.5 , 0.05]), units='height', vertices=ndarray(...), win=Window(...), windingRule=None)
7.7561 	EXP 	Created progBar = ShapeStim(__class__=<class 'psychopy.visual.shape.ShapeStim'>, anchor=('left', 'center'), autoDraw=False, autoLog=True, closeShape=True, color=method-wrapper(...), colorSpace='rgb', contrast=None, depth=-2, draggable=False, fillColor=array([-1.    , -1.    ,  0.0902]), fillColorSpace='rgb', fillRGB=array([-1.    , -1.    ,  0.0902]), interpolate=True, lineColor=array([0., 0., 0.]), lineColorSpace='rgb', lineRGB=array([0, 0, 0]), lineWidth=1.5, name='progBar', opacity=1.0, ori=0.0, pos=array([-0.25, -0.2 ]), size=array([0.5 , 0.05]), units='height', vertices=ndarray(...), win=Window(...), windingRule=None)
7.7826 	EXP 	Created prog_2 = Progress(__class__=<class 'psychopy.visual.progress.Progress'>, anchor=('left', 'center'), autoDraw=False, autoLog=True, closeShape=True, color=method-wrapper(...), colorSpace='rgb', contrast=None, depth=-2, draggable=False, fillColor=array([0, 0, 0]), fillColorSpace='rgb', fillRGB=array([0, 0, 0]), interpolate=True, lineColor=array([1., 1., 1.]), lineColorSpace='rgb', lineRGB=array([1, 1, 1]), lineWidth=4.0, name='prog_2', opacity=1.0, ori=0.0, pos=array([-0.25, -0.2 ]), size=array([0.5 , 0.05]), units='height', vertices=ndarray(...), win=Window(...), windingRule=None)
7.7839 	EXP 	Created prog_2Bar = ShapeStim(__class__=<class 'psychopy.visual.shape.ShapeStim'>, anchor=('left', 'center'), autoDraw=False, autoLog=True, closeShape=True, color=method-wrapper(...), colorSpace='rgb', contrast=None, depth=-2, draggable=False, fillColor=array([-1.    , -1.    ,  0.0902]), fillColorSpace='rgb', fillRGB=array([-1.    , -1.    ,  0.0902]), interpolate=True, lineColor=array([0., 0., 0.]), lineColorSpace='rgb', lineRGB=array([0, 0, 0]), lineWidth=1.5, name='prog_2Bar', opacity=1.0, ori=0.0, pos=array([-0.25, -0.2 ]), size=array([0.5 , 0.05]), units='height', vertices=ndarray(...), win=Window(...), windingRule=None)
7.7975 	DEBUG 	TextBox2 loaded 1 chars with 0 blanks and 1 valid
7.7986 	DEBUG 	TextBox2 loaded 1 chars with 0 blanks and 1 valid
7.7997 	DEBUG 	TextBox2 loaded 1 chars with 0 blanks and 1 valid
7.8009 	DEBUG 	TextBox2 loaded 1 chars with 0 blanks and 1 valid
7.8020 	DEBUG 	TextBox2 loaded 1 chars with 0 blanks and 1 valid
7.8029 	DEBUG 	TextBox2 loaded 1 chars with 0 blanks and 1 valid
7.8037 	DEBUG 	TextBox2 loaded 1 chars with 0 blanks and 1 valid
7.8048 	DEBUG 	TextBox2 loaded 1 chars with 0 blanks and 1 valid
7.8059 	DEBUG 	TextBox2 loaded 1 chars with 0 blanks and 1 valid
7.8069 	DEBUG 	TextBox2 loaded 1 chars with 0 blanks and 1 valid
7.8080 	DEBUG 	TextBox2 loaded 1 chars with 0 blanks and 1 valid
7.8091 	DEBUG 	TextBox2 loaded 1 chars with 0 blanks and 1 valid
7.8101 	DEBUG 	TextBox2 loaded 1 chars with 0 blanks and 1 valid
7.8112 	DEBUG 	TextBox2 loaded 1 chars with 0 blanks and 1 valid
7.8123 	DEBUG 	TextBox2 loaded 1 chars with 0 blanks and 1 valid
7.8135 	DEBUG 	TextBox2 loaded 1 chars with 0 blanks and 1 valid
7.8146 	DEBUG 	TextBox2 loaded 1 chars with 0 blanks and 1 valid
7.8157 	DEBUG 	TextBox2 loaded 1 chars with 0 blanks and 1 valid
7.8166 	DEBUG 	TextBox2 loaded 1 chars with 0 blanks and 1 valid
7.8177 	DEBUG 	TextBox2 loaded 1 chars with 0 blanks and 1 valid
7.8188 	DEBUG 	TextBox2 loaded 1 chars with 0 blanks and 1 valid
7.8200 	DEBUG 	TextBox2 loaded 1 chars with 0 blanks and 1 valid
7.8211 	DEBUG 	TextBox2 loaded 1 chars with 0 blanks and 1 valid
7.8223 	DEBUG 	TextBox2 loaded 1 chars with 0 blanks and 1 valid
7.8235 	DEBUG 	TextBox2 loaded 1 chars with 0 blanks and 1 valid
7.8247 	DEBUG 	TextBox2 loaded 1 chars with 0 blanks and 1 valid
7.8261 	DEBUG 	TextBox2 loaded 1 chars with 0 blanks and 1 valid
7.8274 	DEBUG 	TextBox2 loaded 1 chars with 0 blanks and 1 valid
7.8285 	DEBUG 	TextBox2 loaded 1 chars with 0 blanks and 1 valid
7.8295 	DEBUG 	TextBox2 loaded 1 chars with 0 blanks and 1 valid
7.8307 	DEBUG 	TextBox2 loaded 1 chars with 0 blanks and 1 valid
7.8318 	DEBUG 	TextBox2 loaded 1 chars with 0 blanks and 1 valid
7.8329 	DEBUG 	TextBox2 loaded 1 chars with 0 blanks and 1 valid
7.8341 	DEBUG 	TextBox2 loaded 1 chars with 0 blanks and 1 valid
7.8353 	DEBUG 	TextBox2 loaded 1 chars with 0 blanks and 1 valid
7.8369 	DEBUG 	TextBox2 loaded 1 chars with 0 blanks and 1 valid
7.8383 	DEBUG 	TextBox2 loaded 1 chars with 0 blanks and 1 valid
7.8397 	DEBUG 	TextBox2 loaded 1 chars with 0 blanks and 1 valid
7.8409 	DEBUG 	TextBox2 loaded 1 chars with 0 blanks and 1 valid
7.8423 	DEBUG 	TextBox2 loaded 1 chars with 0 blanks and 1 valid
7.8436 	DEBUG 	TextBox2 loaded 1 chars with 0 blanks and 1 valid
7.8448 	DEBUG 	TextBox2 loaded 1 chars with 0 blanks and 1 valid
7.8458 	DEBUG 	TextBox2 loaded 1 chars with 0 blanks and 1 valid
7.8468 	DEBUG 	TextBox2 loaded 1 chars with 0 blanks and 1 valid
7.8480 	DEBUG 	TextBox2 loaded 1 chars with 0 blanks and 1 valid
7.8494 	DEBUG 	TextBox2 loaded 1 chars with 0 blanks and 1 valid
7.8506 	DEBUG 	TextBox2 loaded 1 chars with 0 blanks and 1 valid
7.8518 	DEBUG 	TextBox2 loaded 1 chars with 0 blanks and 1 valid
7.8532 	DEBUG 	TextBox2 loaded 1 chars with 0 blanks and 1 valid
7.8544 	DEBUG 	TextBox2 loaded 1 chars with 0 blanks and 1 valid
7.8557 	DEBUG 	TextBox2 loaded 1 chars with 0 blanks and 1 valid
7.8562 	DEBUG 	Uploading Texture Font fontname to graphics card
7.8574 	DEBUG 	Upload of Texture Font fontname complete
7.9046 	EXP 	Created real_test_notice = ImageStim(__class__=<class 'psychopy.visual.image.ImageStim'>, anchor=('center', 'center'), autoLog=True, color=array([1., 1., 1.]), colorSpace='rgb', contrast=1.0, depth=-2.0, draggable=False, flipHoriz=False, flipVert=False, image='real_test_notice.PNG', interpolate=True, mask=None, maskParams=None, name='real_test_notice', opacity=1, ori=0.0, pos=array([0., 0.]), size=array([1.8, 0.9]), texRes=128.0, units='height', win=Window(...))
7.9066 	EXP 	Created text = TextStim(__class__=<class 'psychopy.visual.text.TextStim'>, alignHoriz=method-wrapper(...), alignText='center', alignVert=method-wrapper(...), anchorHoriz='center', anchorVert='center', antialias=True, autoDraw=False, autoLog=True, bold=False, color=array([1., 1., 1.]), colorSpace='rgb', contrast=1.0, depth=0.0, draggable=False, flipHoriz=False, flipVert=False, font='Arial', fontFiles=[], height=0.1, italic=False, languageStyle='LTR', name='text', opacity=1, ori=0.0, pos=array([0., 0.]), rgb=UNKNOWN, text='+', units='height', win=Window(...), wrapWidth=1)
7.9332 	EXP 	Created prog = Progress(__class__=<class 'psychopy.visual.progress.Progress'>, anchor=('left', 'center'), autoDraw=False, autoLog=True, closeShape=True, color=method-wrapper(...), colorSpace='rgb', contrast=None, depth=-2, draggable=False, fillColor=array([0, 0, 0]), fillColorSpace='rgb', fillRGB=array([0, 0, 0]), interpolate=True, lineColor=array([1., 1., 1.]), lineColorSpace='rgb', lineRGB=array([1, 1, 1]), lineWidth=4.0, name='prog', opacity=1.0, ori=0.0, pos=array([-0.25, -0.2 ]), size=array([0.5 , 0.05]), units='height', vertices=ndarray(...), win=Window(...), windingRule=None)
7.9345 	EXP 	Created progBar = ShapeStim(__class__=<class 'psychopy.visual.shape.ShapeStim'>, anchor=('left', 'center'), autoDraw=False, autoLog=True, closeShape=True, color=method-wrapper(...), colorSpace='rgb', contrast=None, depth=-2, draggable=False, fillColor=array([-1.    , -1.    ,  0.0902]), fillColorSpace='rgb', fillRGB=array([-1.    , -1.    ,  0.0902]), interpolate=True, lineColor=array([0., 0., 0.]), lineColorSpace='rgb', lineRGB=array([0, 0, 0]), lineWidth=1.5, name='progBar', opacity=1.0, ori=0.0, pos=array([-0.25, -0.2 ]), size=array([0.5 , 0.05]), units='height', vertices=ndarray(...), win=Window(...), windingRule=None)
7.9609 	EXP 	Created prog_2 = Progress(__class__=<class 'psychopy.visual.progress.Progress'>, anchor=('left', 'center'), autoDraw=False, autoLog=True, closeShape=True, color=method-wrapper(...), colorSpace='rgb', contrast=None, depth=-2, draggable=False, fillColor=array([0, 0, 0]), fillColorSpace='rgb', fillRGB=array([0, 0, 0]), interpolate=True, lineColor=array([1., 1., 1.]), lineColorSpace='rgb', lineRGB=array([1, 1, 1]), lineWidth=4.0, name='prog_2', opacity=1.0, ori=0.0, pos=array([-0.25, -0.2 ]), size=array([0.5 , 0.05]), units='height', vertices=ndarray(...), win=Window(...), windingRule=None)
7.9622 	EXP 	Created prog_2Bar = ShapeStim(__class__=<class 'psychopy.visual.shape.ShapeStim'>, anchor=('left', 'center'), autoDraw=False, autoLog=True, closeShape=True, color=method-wrapper(...), colorSpace='rgb', contrast=None, depth=-2, draggable=False, fillColor=array([-1.    , -1.    ,  0.0902]), fillColorSpace='rgb', fillRGB=array([-1.    , -1.    ,  0.0902]), interpolate=True, lineColor=array([0., 0., 0.]), lineColorSpace='rgb', lineRGB=array([0, 0, 0]), lineWidth=1.5, name='prog_2Bar', opacity=1.0, ori=0.0, pos=array([-0.25, -0.2 ]), size=array([0.5 , 0.05]), units='height', vertices=ndarray(...), win=Window(...), windingRule=None)
8.0096 	EXP 	Created thanks_messge = ImageStim(__class__=<class 'psychopy.visual.image.ImageStim'>, anchor=('center', 'center'), autoLog=True, color=array([1., 1., 1.]), colorSpace='rgb', contrast=1.0, depth=-3.0, draggable=False, flipHoriz=False, flipVert=False, image='thank_you.PNG', interpolate=True, mask=None, maskParams=None, name='thanks_messge', opacity=1, ori=0.0, pos=array([0., 0.]), size=array([2.1, 1. ]), texRes=128.0, units='height', win=Window(...))
0.0219 	EXP 	textbox_2: autoLog = True
0.0219 	EXP 	prog: direction = 'horizontal'
0.0219 	EXP 	prog: progress = 0.0
0.0219 	EXP 	prog_2: direction = 'horizontal'
0.0219 	EXP 	prog_2: progress = 0.0
0.0219 	EXP 	textbox_2: autoLog = True
0.0219 	EXP 	prog: direction = 'horizontal'
0.0219 	EXP 	prog: progress = 0.0
0.0219 	EXP 	prog_2: direction = 'horizontal'
0.0219 	EXP 	prog_2: progress = 0.0
0.0219 	EXP 	thank_you_message: autoLog = True
0.0671 	EXP 	welcome_image: autoDraw = True
1.5415 	DATA 	Keypress: t
1.5681 	DATA 	Keypress: e
1.6014 	DATA 	Keypress: s
1.6350 	DATA 	Keypress: t
1.6849 	DATA 	Keypress: return
1.9212 	DATA 	Mouse: Left button down, pos=(382,332)
2.0031 	INFO 	Keyboard events cleared
2.0513 	DATA 	Mouse:  Left button up, pos=(382,332)
3.0671 	DATA 	Keypress: a
3.0733 	DEBUG 	Read excel file with openpyxl: practice_trials.xlsx
3.0736 	EXP 	Imported practice_trials.xlsx as conditions, 3 conditions, 4 params
3.0738 	EXP 	New trial (rep=0, index=0): <Trial 0 (0 in rep 0) data={'word1': 'cottage', 'word2': 'swiss', 'word3': 'cake', 'solution': 'cheese', 'thisN': 0, 'thisTrialN': 0, 'thisRepN': 0}>
3.0800 	EXP 	welcome_image: autoDraw = False
3.0800 	EXP 	text: autoDraw = True
3.8308 	EXP 	text: autoDraw = False
4.0724 	DEBUG 	TextBox2 loaded 1 chars with 0 blanks and 1 valid
4.0768 	DEBUG 	TextBox2 loaded 1 chars with 0 blanks and 1 valid
4.0800 	DEBUG 	TextBox2 loaded 1 chars with 0 blanks and 1 valid
4.0822 	DEBUG 	TextBox2 loaded 1 chars with 0 blanks and 1 valid
4.0845 	DEBUG 	TextBox2 loaded 1 chars with 0 blanks and 1 valid
4.0865 	DEBUG 	TextBox2 loaded 1 chars with 0 blanks and 1 valid
4.0888 	DEBUG 	TextBox2 loaded 1 chars with 0 blanks and 1 valid
4.0902 	DEBUG 	TextBox2 loaded 1 chars with 0 blanks and 1 valid
4.0925 	DEBUG 	TextBox2 loaded 1 chars with 0 blanks and 1 valid
4.0928 	DEBUG 	Uploading Texture Font fontname to graphics card
4.0938 	DEBUG 	Upload of Texture Font fontname complete
4.1156 	EXP 	text: autoDraw = False
4.1156 	EXP 	textbox_2: autoDraw = True
4.1156 	EXP 	prog: autoDraw = True
4.2806 	INFO 	Keyboard events cleared
4.5667 	DATA 	Keypress: t
4.5696 	DEBUG 	TextBox2 loaded 1 chars with 0 blanks and 1 valid
4.5699 	DEBUG 	Uploading Texture Font fontname to graphics card
4.5710 	DEBUG 	Upload of Texture Font fontname complete
4.5736 	DEBUG 	TextBox2 loaded 1 chars with 0 blanks and 1 valid
4.5758 	DEBUG 	TextBox2 loaded 1 chars with 0 blanks and 1 valid
4.5779 	DEBUG 	TextBox2 loaded 1 chars with 0 blanks and 1 valid
4.5799 	DEBUG 	TextBox2 loaded 1 chars with 0 blanks and 1 valid
4.5811 	DEBUG 	TextBox2 loaded 1 chars with 0 blanks and 1 valid
4.5822 	DEBUG 	TextBox2 loaded 1 chars with 0 blanks and 1 valid
4.5839 	DEBUG 	TextBox2 loaded 1 chars with 0 blanks and 1 valid
4.5853 	DEBUG 	TextBox2 loaded 1 chars with 0 blanks and 1 valid
4.5863 	DEBUG 	TextBox2 loaded 1 chars with 0 blanks and 1 valid
4.5866 	DEBUG 	Uploading Texture Font fontname to graphics card
4.5876 	DEBUG 	Upload of Texture Font fontname complete
4.5946 	DATA 	Keypress: e
4.6164 	EXP 	textbox_2: autoDraw = False
4.6164 	EXP 	prog: autoDraw = False
4.6164 	EXP 	prog_2: autoDraw = True
4.6342 	DATA 	Keypress: s
4.6358 	DEBUG 	TextBox2 loaded 1 chars with 0 blanks and 1 valid
4.6360 	DEBUG 	Uploading Texture Font fontname to graphics card
4.6366 	DEBUG 	Upload of Texture Font fontname complete
4.6673 	DATA 	Keypress: t
4.7173 	DATA 	Keypress: return
4.7324 	EXP 	New trial (rep=0, index=1): <Trial 1 (1 in rep 0) data={'word1': 'cream', 'word2': 'skate', 'word3': 'water', 'solution': 'ice', 'thisN': 1, 'thisTrialN': 1, 'thisRepN': 0}>
4.7465 	EXP 	prog_2: autoDraw = False
4.7465 	EXP 	text: autoDraw = True
5.4966 	EXP 	text: autoDraw = False
5.7345 	DEBUG 	TextBox2 loaded 1 chars with 0 blanks and 1 valid
5.7348 	DEBUG 	Uploading Texture Font fontname to graphics card
5.7354 	DEBUG 	Upload of Texture Font fontname complete
5.7474 	EXP 	text: autoDraw = False
5.7474 	EXP 	textbox_2: autoDraw = True
5.7474 	EXP 	prog: autoDraw = True
5.9463 	INFO 	Keyboard events cleared
6.0490 	DATA 	Keypress: t
6.0627 	EXP 	textbox_2: autoDraw = False
6.0627 	EXP 	prog: autoDraw = False
6.0627 	EXP 	prog_2: autoDraw = True
6.0844 	DATA 	Keypress: e
6.1176 	DATA 	Keypress: s
6.1510 	DATA 	Keypress: t
6.2007 	DATA 	Keypress: return
6.2153 	EXP 	New trial (rep=0, index=2): <Trial 2 (2 in rep 0) data={'word1': 'rocking', 'word2': 'wheel', 'word3': 'high', 'solution': 'horse', 'thisN': 2, 'thisTrialN': 2, 'thisRepN': 0}>
6.2292 	EXP 	prog_2: autoDraw = False
6.2292 	EXP 	text: autoDraw = True
6.9788 	EXP 	text: autoDraw = False
7.2169 	DEBUG 	TextBox2 loaded 1 chars with 0 blanks and 1 valid
7.2183 	DEBUG 	TextBox2 loaded 1 chars with 0 blanks and 1 valid
7.2186 	DEBUG 	Uploading Texture Font fontname to graphics card
7.2192 	DEBUG 	Upload of Texture Font fontname complete
7.2301 	EXP 	text: autoDraw = False
7.2301 	EXP 	textbox_2: autoDraw = True
7.2301 	EXP 	prog: autoDraw = True
7.4288 	INFO 	Keyboard events cleared
7.5144 	DATA 	Keypress: t
7.5285 	EXP 	textbox_2: autoDraw = False
7.5285 	EXP 	prog: autoDraw = False
7.5285 	EXP 	prog_2: autoDraw = True
7.5494 	DATA 	Keypress: e
7.5827 	DATA 	Keypress: s
7.6157 	DATA 	Keypress: t
7.6492 	DATA 	Keypress: return
7.6795 	EXP 	prog_2: autoDraw = False
7.6795 	EXP 	real_test_notice: autoDraw = True
9.0002 	DATA 	Keypress: d
9.0026 	DEBUG 	TextBox2 loaded 1 chars with 0 blanks and 1 valid
9.0029 	DEBUG 	Uploading Texture Font fontname to graphics card
9.0036 	DEBUG 	Upload of Texture Font fontname complete
9.6654 	INFO 	Keyboard events cleared
10.0480 	DATA 	Mouse: Left button down, pos=(482,318)
10.0683 	DEBUG 	Read excel file with openpyxl: CRA_conditions.xlsx
10.0721 	EXP 	Imported CRA_conditions.xlsx as conditions, 60 conditions, 4 params
10.0727 	EXP 	New trial (rep=0, index=0): <Trial 0 (0 in rep 0) data={'word1': 'fox', 'word2': 'man', 'word3': 'peep', 'solution': 'hole', 'thisN': 0, 'thisTrialN': 0, 'thisRepN': 0}>
10.0767 	EXP 	real_test_notice: autoDraw = False
10.0767 	EXP 	text: autoDraw = True
10.1300 	DATA 	Mouse:  Left button up, pos=(482,318)
10.8273 	EXP 	text: autoDraw = False
11.0528 	DEBUG 	TextBox2 loaded 1 chars with 0 blanks and 1 valid
11.0568 	DEBUG 	TextBox2 loaded 1 chars with 0 blanks and 1 valid
11.0574 	DEBUG 	Uploading Texture Font fontname to graphics card
11.0583 	DEBUG 	Upload of Texture Font fontname complete
11.0775 	EXP 	text: autoDraw = False
11.0775 	EXP 	textbox_2: autoDraw = True
11.0775 	EXP 	prog: autoDraw = True
11.2604 	INFO 	Keyboard events cleared
11.5464 	DATA 	Keypress: t
11.5601 	EXP 	textbox_2: autoDraw = False
11.5601 	EXP 	prog: autoDraw = False
11.5601 	EXP 	prog_2: autoDraw = True
11.5819 	DATA 	Keypress: e
11.6149 	DATA 	Keypress: s
11.6489 	DATA 	Keypress: t
11.6981 	DATA 	Keypress: return
11.7129 	EXP 	New trial (rep=0, index=1): <Trial 1 (1 in rep 0) data={'word1': 'cover', 'word2': 'arm', 'word3': 'wear', 'solution': 'under', 'thisN': 1, 'thisTrialN': 1, 'thisRepN': 0}>
11.7265 	EXP 	prog_2: autoDraw = False
11.7265 	EXP 	text: autoDraw = True
12.4765 	EXP 	text: autoDraw = False
12.7184 	DEBUG 	TextBox2 loaded 1 chars with 0 blanks and 1 valid
12.7190 	DEBUG 	Uploading Texture Font fontname to graphics card
12.7197 	DEBUG 	Upload of Texture Font fontname complete
12.7435 	EXP 	text: autoDraw = False
12.7435 	EXP 	textbox_2: autoDraw = True
12.7435 	EXP 	prog: autoDraw = True
12.9263 	INFO 	Keyboard events cleared
13.0129 	DATA 	Keypress: t
13.0260 	EXP 	textbox_2: autoDraw = False
13.0260 	EXP 	prog: autoDraw = False
13.0260 	EXP 	prog_2: autoDraw = True
13.0494 	DATA 	Keypress: e
13.0815 	DATA 	Keypress: s
13.1147 	DATA 	Keypress: t
13.1641 	DATA 	Keypress: return
13.1783 	EXP 	New trial (rep=0, index=2): <Trial 2 (2 in rep 0) data={'word1': 'river', 'word2': 'note', 'word3': 'account', 'solution': 'bank', 'thisN': 2, 'thisTrialN': 2, 'thisRepN': 0}>
13.1924 	EXP 	prog_2: autoDraw = False
13.1924 	EXP 	text: autoDraw = True
13.9425 	EXP 	text: autoDraw = False
14.1832 	DEBUG 	TextBox2 loaded 1 chars with 0 blanks and 1 valid
14.1838 	DEBUG 	Uploading Texture Font fontname to graphics card
14.1846 	DEBUG 	Upload of Texture Font fontname complete
14.1934 	EXP 	text: autoDraw = False
14.1934 	EXP 	textbox_2: autoDraw = True
14.1934 	EXP 	prog: autoDraw = True
14.3923 	INFO 	Keyboard events cleared
14.4613 	DATA 	Keypress: t
14.4752 	EXP 	textbox_2: autoDraw = False
14.4752 	EXP 	prog: autoDraw = False
14.4752 	EXP 	prog_2: autoDraw = True
14.4959 	DATA 	Keypress: e
14.5135 	DATA 	Keypress: s
14.5461 	DATA 	Keypress: t
14.5958 	DATA 	Keypress: return
14.6115 	EXP 	New trial (rep=0, index=3): <Trial 3 (3 in rep 0) data={'word1': 'cat', 'word2': 'number', 'word3': 'phone', 'solution': 'call', 'thisN': 3, 'thisTrialN': 3, 'thisRepN': 0}>
14.6250 	EXP 	prog_2: autoDraw = False
14.6250 	EXP 	text: autoDraw = True
15.3750 	EXP 	text: autoDraw = False
15.6140 	DEBUG 	TextBox2 loaded 1 chars with 0 blanks and 1 valid
15.6143 	DEBUG 	Uploading Texture Font fontname to graphics card
15.6149 	DEBUG 	Upload of Texture Font fontname complete
15.6259 	EXP 	text: autoDraw = False
15.6259 	EXP 	textbox_2: autoDraw = True
15.6259 	EXP 	prog: autoDraw = True
15.8249 	INFO 	Keyboard events cleared
15.9101 	DATA 	Keypress: t
15.9244 	EXP 	textbox_2: autoDraw = False
15.9244 	EXP 	prog: autoDraw = False
15.9244 	EXP 	prog_2: autoDraw = True
15.9459 	DATA 	Keypress: e
15.9788 	DATA 	Keypress: s
16.0119 	DATA 	Keypress: t
16.0619 	DATA 	Keypress: return
16.0768 	EXP 	New trial (rep=0, index=4): <Trial 4 (4 in rep 0) data={'word1': 'right', 'word2': 'cat', 'word3': 'carbon', 'solution': 'copy', 'thisN': 4, 'thisTrialN': 4, 'thisRepN': 0}>
16.0909 	EXP 	prog_2: autoDraw = False
16.0909 	EXP 	text: autoDraw = True
16.8412 	EXP 	text: autoDraw = False
17.0909 	EXP 	text: autoDraw = False
17.0909 	EXP 	textbox_2: autoDraw = True
17.0909 	EXP 	prog: autoDraw = True
17.2910 	INFO 	Keyboard events cleared
17.3596 	DATA 	Keypress: t
17.3737 	EXP 	textbox_2: autoDraw = False
17.3737 	EXP 	prog: autoDraw = False
17.3737 	EXP 	prog_2: autoDraw = True
17.3784 	DATA 	Keypress: e
17.4119 	DATA 	Keypress: s
17.4449 	DATA 	Keypress: t
17.4949 	DATA 	Keypress: return
17.5100 	EXP 	New trial (rep=0, index=5): <Trial 5 (5 in rep 0) data={'word1': 'worm', 'word2': 'shelf', 'word3': 'end', 'solution': 'book', 'thisN': 5, 'thisTrialN': 5, 'thisRepN': 0}>
17.5238 	EXP 	prog_2: autoDraw = False
17.5238 	EXP 	text: autoDraw = True
18.2737 	EXP 	text: autoDraw = False
18.5114 	DEBUG 	TextBox2 loaded 1 chars with 0 blanks and 1 valid
18.5117 	DEBUG 	Uploading Texture Font fontname to graphics card
18.5122 	DEBUG 	Upload of Texture Font fontname complete
18.5244 	EXP 	text: autoDraw = False
18.5244 	EXP 	textbox_2: autoDraw = True
18.5244 	EXP 	prog: autoDraw = True
18.7242 	INFO 	Keyboard events cleared
18.7758 	DATA 	Keypress: t
18.7924 	DATA 	Keypress: e
18.8065 	EXP 	textbox_2: autoDraw = False
18.8065 	EXP 	prog: autoDraw = False
18.8065 	EXP 	prog_2: autoDraw = True
18.8278 	DATA 	Keypress: s
18.8611 	DATA 	Keypress: t
18.9106 	DATA 	Keypress: return
18.9257 	EXP 	New trial (rep=0, index=6): <Trial 6 (6 in rep 0) data={'word1': 'dow', 'word2': 'question', 'word3': 'check', 'solution': 'mark', 'thisN': 6, 'thisTrialN': 6, 'thisRepN': 0}>
18.9397 	EXP 	prog_2: autoDraw = False
18.9397 	EXP 	text: autoDraw = True
19.6897 	EXP 	text: autoDraw = False
19.9329 	DEBUG 	TextBox2 loaded 1 chars with 0 blanks and 1 valid
19.9336 	DEBUG 	Uploading Texture Font fontname to graphics card
19.9343 	DEBUG 	Upload of Texture Font fontname complete
19.9568 	EXP 	text: autoDraw = False
19.9568 	EXP 	textbox_2: autoDraw = True
19.9568 	EXP 	prog: autoDraw = True
20.1393 	INFO 	Keyboard events cleared
20.1582 	DATA 	Keypress: t
20.1723 	EXP 	textbox_2: autoDraw = False
20.1723 	EXP 	prog: autoDraw = False
20.1723 	EXP 	prog_2: autoDraw = True
20.1932 	DATA 	Keypress: e
20.2263 	DATA 	Keypress: s
20.2598 	DATA 	Keypress: t
20.3100 	DATA 	Keypress: return
20.3247 	EXP 	New trial (rep=0, index=7): <Trial 7 (7 in rep 0) data={'word1': 'wagon', 'word2': 'break', 'word3': 'radio', 'solution': 'station', 'thisN': 7, 'thisTrialN': 7, 'thisRepN': 0}>
20.3388 	EXP 	prog_2: autoDraw = False
20.3388 	EXP 	text: autoDraw = True
21.0886 	EXP 	text: autoDraw = False
21.3386 	EXP 	text: autoDraw = False
21.3386 	EXP 	textbox_2: autoDraw = True
21.3386 	EXP 	prog: autoDraw = True
21.5386 	INFO 	Keyboard events cleared
21.5912 	DATA 	Keypress: t
21.6051 	EXP 	textbox_2: autoDraw = False
21.6051 	EXP 	prog: autoDraw = False
21.6051 	EXP 	prog_2: autoDraw = True
21.6267 	DATA 	Keypress: e
21.6597 	DATA 	Keypress: s
21.6930 	DATA 	Keypress: t
21.7428 	DATA 	Keypress: return
21.7585 	EXP 	New trial (rep=0, index=8): <Trial 8 (8 in rep 0) data={'word1': 'tank', 'word2': 'hill', 'word3': 'secret', 'solution': 'top', 'thisN': 8, 'thisTrialN': 8, 'thisRepN': 0}>
21.7717 	EXP 	prog_2: autoDraw = False
21.7717 	EXP 	text: autoDraw = True
22.5217 	EXP 	text: autoDraw = False
22.7726 	EXP 	text: autoDraw = False
22.7726 	EXP 	textbox_2: autoDraw = True
22.7726 	EXP 	prog: autoDraw = True
22.9715 	INFO 	Keyboard events cleared
22.9907 	DATA 	Keypress: t
23.0044 	EXP 	textbox_2: autoDraw = False
23.0044 	EXP 	prog: autoDraw = False
23.0044 	EXP 	prog_2: autoDraw = True
23.0251 	DATA 	Keypress: e
23.0586 	DATA 	Keypress: s
23.0916 	DATA 	Keypress: t
23.1420 	DATA 	Keypress: return
23.1570 	EXP 	New trial (rep=0, index=9): <Trial 9 (9 in rep 0) data={'word1': 'lift', 'word2': 'card', 'word3': 'mask', 'solution': 'face', 'thisN': 9, 'thisTrialN': 9, 'thisRepN': 0}>
23.1709 	EXP 	prog_2: autoDraw = False
23.1709 	EXP 	text: autoDraw = True
23.9209 	EXP 	text: autoDraw = False
24.1708 	EXP 	text: autoDraw = False
24.1708 	EXP 	textbox_2: autoDraw = True
24.1708 	EXP 	prog: autoDraw = True
24.3706 	INFO 	Keyboard events cleared
24.4066 	DATA 	Keypress: t
24.4203 	EXP 	textbox_2: autoDraw = False
24.4203 	EXP 	prog: autoDraw = False
24.4203 	EXP 	prog_2: autoDraw = True
24.4422 	DATA 	Keypress: e
24.4756 	DATA 	Keypress: s
24.4928 	DATA 	Keypress: t
24.5419 	DATA 	Keypress: return
24.5566 	EXP 	New trial (rep=0, index=10): <Trial 10 (10 in rep 0) data={'word1': 'preserve', 'word2': 'ranger', 'word3': 'tropical', 'solution': 'forest', 'thisN': 10, 'thisTrialN': 10, 'thisRepN': 0}>
24.5702 	EXP 	prog_2: autoDraw = False
24.5702 	EXP 	text: autoDraw = True
25.3204 	EXP 	text: autoDraw = False
25.5697 	EXP 	text: autoDraw = False
25.5697 	EXP 	textbox_2: autoDraw = True
25.5697 	EXP 	prog: autoDraw = True
25.7699 	INFO 	Keyboard events cleared
25.8070 	DATA 	Keypress: t
25.8202 	EXP 	textbox_2: autoDraw = False
25.8202 	EXP 	prog: autoDraw = False
25.8202 	EXP 	prog_2: autoDraw = True
25.8402 	DATA 	Keypress: e
25.8741 	DATA 	Keypress: s
25.9081 	DATA 	Keypress: t
25.9420 	DATA 	Keypress: return
25.9555 	EXP 	New trial (rep=0, index=11): <Trial 11 (11 in rep 0) data={'word1': 'political', 'word2': 'surprise', 'word3': 'line', 'solution': 'party', 'thisN': 11, 'thisTrialN': 11, 'thisRepN': 0}>
25.9694 	EXP 	prog_2: autoDraw = False
25.9694 	EXP 	text: autoDraw = True
26.7191 	EXP 	text: autoDraw = False
26.9696 	EXP 	text: autoDraw = False
26.9696 	EXP 	textbox_2: autoDraw = True
26.9696 	EXP 	prog: autoDraw = True
27.1694 	INFO 	Keyboard events cleared
27.1887 	DATA 	Keypress: t
27.2023 	EXP 	textbox_2: autoDraw = False
27.2023 	EXP 	prog: autoDraw = False
27.2023 	EXP 	prog_2: autoDraw = True
27.2241 	DATA 	Keypress: e
27.2575 	DATA 	Keypress: s
27.2914 	DATA 	Keypress: t
27.3240 	DATA 	Keypress: return
27.3394 	EXP 	New trial (rep=0, index=12): <Trial 12 (12 in rep 0) data={'word1': 'pile', 'word2': 'market', 'word3': 'room', 'solution': 'stock', 'thisN': 12, 'thisTrialN': 12, 'thisRepN': 0}>
27.3522 	EXP 	prog_2: autoDraw = False
27.3522 	EXP 	text: autoDraw = True
28.1019 	EXP 	text: autoDraw = False
28.3517 	EXP 	text: autoDraw = False
28.3517 	EXP 	textbox_2: autoDraw = True
28.3517 	EXP 	prog: autoDraw = True
28.5522 	INFO 	Keyboard events cleared
28.5616 	DATA 	Keypress: t
28.5685 	EXP 	textbox_2: autoDraw = False
28.5685 	EXP 	prog: autoDraw = False
28.5685 	EXP 	prog_2: autoDraw = True
28.6071 	DATA 	Keypress: e
28.6405 	DATA 	Keypress: s
28.6583 	DATA 	Keypress: t
28.7067 	DATA 	Keypress: return
28.7211 	EXP 	New trial (rep=0, index=13): <Trial 13 (13 in rep 0) data={'word1': 'mill', 'word2': 'tooth', 'word3': 'dust', 'solution': 'saw', 'thisN': 13, 'thisTrialN': 13, 'thisRepN': 0}>
28.7348 	EXP 	prog_2: autoDraw = False
28.7348 	EXP 	text: autoDraw = True
29.4847 	EXP 	text: autoDraw = False
29.7344 	EXP 	text: autoDraw = False
29.7344 	EXP 	textbox_2: autoDraw = True
29.7344 	EXP 	prog: autoDraw = True
29.9347 	INFO 	Keyboard events cleared
29.9540 	DATA 	Keypress: t
29.9677 	EXP 	textbox_2: autoDraw = False
29.9677 	EXP 	prog: autoDraw = False
29.9677 	EXP 	prog_2: autoDraw = True
29.9894 	DATA 	Keypress: e
30.0232 	DATA 	Keypress: s
30.0564 	DATA 	Keypress: t
30.0898 	DATA 	Keypress: return
30.1033 	EXP 	New trial (rep=0, index=14): <Trial 14 (14 in rep 0) data={'word1': 'hungry', 'word2': 'order', 'word3': 'belt', 'solution': 'money', 'thisN': 14, 'thisTrialN': 14, 'thisRepN': 0}>
30.1174 	EXP 	prog_2: autoDraw = False
30.1174 	EXP 	text: autoDraw = True
30.8676 	EXP 	text: autoDraw = False
31.1174 	EXP 	text: autoDraw = False
31.1174 	EXP 	textbox_2: autoDraw = True
31.1174 	EXP 	prog: autoDraw = True
31.3178 	INFO 	Keyboard events cleared
31.3385 	DATA 	Keypress: t
31.3664 	EXP 	textbox_2: autoDraw = False
31.3664 	EXP 	prog: autoDraw = False
31.3664 	EXP 	prog_2: autoDraw = True
31.3720 	DATA 	Keypress: e
31.4050 	DATA 	Keypress: s
31.4380 	DATA 	Keypress: t
31.4883 	DATA 	Keypress: return
31.5027 	EXP 	New trial (rep=0, index=15): <Trial 15 (15 in rep 0) data={'word1': 'fountain', 'word2': 'baking', 'word3': 'pop', 'solution': 'soda', 'thisN': 15, 'thisTrialN': 15, 'thisRepN': 0}>
31.5168 	EXP 	prog_2: autoDraw = False
31.5168 	EXP 	text: autoDraw = True
32.2668 	EXP 	text: autoDraw = False
32.5163 	EXP 	text: autoDraw = False
32.5163 	EXP 	textbox_2: autoDraw = True
32.5163 	EXP 	prog: autoDraw = True
32.7165 	INFO 	Keyboard events cleared
32.8024 	DATA 	Keypress: escape
32.9033 	EXP 	main: status = STOPPED
32.9162 	EXP 	textbox_2: autoDraw = False
32.9162 	EXP 	prog: autoDraw = False
32.9185 	EXP 	main: status = STOPPED
32.9291 	INFO 	saved data to "C:\\Users\\Michael\\OneDrive - Georgia Southern University\\Virginia Wickline's files - crat\\GITHUB\\CRATpsyc\\data/683087_main_2025-08-14_17h45.22.720.csv"
32.9309 	INFO 	saved data to C:\Users\Michael\OneDrive - Georgia Southern University\Virginia Wickline's files - crat\GITHUB\CRATpsyc\data/683087_main_2025-08-14_17h45.22.720.psydat
33.5473 	DEBUG 	Saving data for main ExperimentHandler
